#
# There is insufficient memory for the Java Runtime Environment to continue.
# Native memory allocation (malloc) failed to allocate 32744 bytes for ChunkPool::allocate
# Possible reasons:
#   The system is out of physical RAM or swap space
#   The process is running with CompressedOops enabled, and the Java Heap may be blocking the growth of the native heap
# Possible solutions:
#   Reduce memory load on the system
#   Increase physical memory or swap space
#   Check if swap backing store is full
#   Decrease Java heap size (-Xmx/-Xms)
#   Decrease number of Java threads
#   Decrease Java thread stack sizes (-Xss)
#   Set larger code cache with -XX:ReservedCodeCacheSize=
#   JVM is running with Zero Based Compressed Oops mode in which the Java heap is
#     placed in the first 32GB address space. The Java Heap base address is the
#     maximum limit for the native heap growth. Please use -XX:HeapBaseMinAddress
#     to set the Java Heap base and to place the Java Heap above 32GB virtual address.
# This output file may be truncated or incomplete.
#
#  Out of Memory Error (allocation.cpp:272), pid=328820, tid=0x000000000004ef60
#
# JRE version: OpenJDK Runtime Environment (8.0_202-b03) (build 1.8.0_202-release-1483-b03)
# Java VM: OpenJDK 64-Bit Server VM (25.202-b03 mixed mode windows-amd64 compressed oops)
# Failed to write core dump. Minidumps are not enabled by default on client versions of Windows
#

---------------  T H R E A D  ---------------

Current thread (0x0000000018eec800):  JavaThread "C2 CompilerThread1" daemon [_thread_in_native, id=323424, stack(0x000000001a8f0000,0x000000001a9f0000)]

Stack: [0x000000001a8f0000,0x000000001a9f0000]
[error occurred during error reporting (printing stack bounds), id 0xc0000005]

Native frames: (J=compiled Java code, j=interpreted, Vv=VM code, C=native code)


Current CompileTask:
C2:  46703 6093   !   4       java.net.URLClassLoader$1::run (63 bytes)


---------------  P R O C E S S  ---------------

Java Threads: ( => current thread )
  0x000000001f17e000 JavaThread "Memory manager" [_thread_in_vm, id=326640, stack(0x00000000245f0000,0x00000000246f0000)]
  0x000000001f181800 JavaThread "Cache worker for Build Output Cleanup Cache (E:\myhomeproject\--master\.gradle\buildOutputCleanup)" [_thread_blocked, id=329456, stack(0x0000000023af0000,0x0000000023bf0000)]
  0x000000001f17a000 JavaThread "Build operations Thread 4" [_thread_blocked, id=324088, stack(0x00000000231f0000,0x00000000232f0000)]
  0x000000001f17e800 JavaThread "Build operations Thread 3" [_thread_blocked, id=322804, stack(0x00000000230f0000,0x00000000231f0000)]
  0x000000001f181000 JavaThread "Build operations Thread 2" [_thread_blocked, id=329164, stack(0x0000000022ff0000,0x00000000230f0000)]
  0x000000001f17f800 JavaThread "Build operations" [_thread_blocked, id=322752, stack(0x0000000022ef0000,0x0000000022ff0000)]
  0x000000001f180000 JavaThread "Cache worker for execution history cache (C:\Users\Administrator\.gradle\caches\5.4.1\executionHistory)" [_thread_blocked, id=325316, stack(0x00000000225f0000,0x00000000226f0000)]
  0x000000001a4b4000 JavaThread "Cache worker for cache directory md-rule (C:\Users\Administrator\.gradle\caches\5.4.1\md-rule)" [_thread_blocked, id=325636, stack(0x00000000224f0000,0x00000000225f0000)]
  0x000000001a4b2800 JavaThread "Cache worker for cache directory md-supplier (C:\Users\Administrator\.gradle\caches\5.4.1\md-supplier)" [_thread_blocked, id=329720, stack(0x00000000221b0000,0x00000000222b0000)]
  0x000000001a4ae800 JavaThread "Cache worker for file hash cache (E:\myhomeproject\--master\.gradle\5.4.1\fileHashes)" [_thread_blocked, id=328852, stack(0x0000000020ae0000,0x0000000020be0000)]
  0x000000001a4ad000 JavaThread "Cache worker for journal cache (C:\Users\Administrator\.gradle\caches\journal-1)" [_thread_blocked, id=327816, stack(0x000000001e740000,0x000000001e840000)]
  0x000000001a4b0000 JavaThread "File lock request listener" [_thread_in_native, id=328148, stack(0x000000001e640000,0x000000001e740000)]
  0x000000001a4b3000 JavaThread "Cache worker for file hash cache (C:\Users\Administrator\.gradle\caches\5.4.1\fileHashes)" [_thread_blocked, id=325412, stack(0x000000001e340000,0x000000001e440000)]
  0x000000001b2e8000 JavaThread "Thread-9" [_thread_blocked, id=328648, stack(0x000000001e240000,0x000000001e340000)]
  0x000000001b2db800 JavaThread "Stdin handler" [_thread_blocked, id=327668, stack(0x000000001e140000,0x000000001e240000)]
  0x000000001be41800 JavaThread "Asynchronous log dispatcher for DefaultDaemonConnection: socket connection from /127.0.0.1:63101 to /127.0.0.1:63102" [_thread_blocked, id=324056, stack(0x000000001e040000,0x000000001e140000)]
  0x000000001b982800 JavaThread "Daemon worker" [_thread_in_native, id=329072, stack(0x000000001df40000,0x000000001e040000)]
  0x000000001b981000 JavaThread "Cancel handler" [_thread_blocked, id=329308, stack(0x000000001de40000,0x000000001df40000)]
  0x000000001a437000 JavaThread "Handler for socket connection from /127.0.0.1:63101 to /127.0.0.1:63102" [_thread_in_native, id=329312, stack(0x000000001db40000,0x000000001dc40000)]
  0x000000001a436800 JavaThread "Daemon" [_thread_blocked, id=328128, stack(0x000000001da40000,0x000000001db40000)]
  0x000000001c20b000 JavaThread "Daemon periodic checks" [_thread_blocked, id=327396, stack(0x000000001d940000,0x000000001da40000)]
  0x000000001c2fb000 JavaThread "Incoming local TCP Connector on port 63101" [_thread_in_native, id=329032, stack(0x000000001d790000,0x000000001d890000)]
  0x000000001b839000 JavaThread "Daemon health stats" [_thread_blocked, id=328092, stack(0x000000001d490000,0x000000001d590000)]
  0x000000001a251800 JavaThread "Service Thread" daemon [_thread_blocked, id=313896, stack(0x000000001aaf0000,0x000000001abf0000)]
  0x000000001a249000 JavaThread "C1 CompilerThread2" daemon [_thread_blocked, id=325768, stack(0x000000001a9f0000,0x000000001aaf0000)]
=>0x0000000018eec800 JavaThread "C2 CompilerThread1" daemon [_thread_in_native, id=323424, stack(0x000000001a8f0000,0x000000001a9f0000)]
  0x0000000018ee9800 JavaThread "C2 CompilerThread0" daemon [_thread_in_native, id=329588, stack(0x000000001a7f0000,0x000000001a8f0000)]
  0x0000000018e9e000 JavaThread "Attach Listener" daemon [_thread_blocked, id=325036, stack(0x000000001a6f0000,0x000000001a7f0000)]
  0x000000001a1f8800 JavaThread "Signal Dispatcher" daemon [_thread_blocked, id=329460, stack(0x000000001a5f0000,0x000000001a6f0000)]
  0x0000000003094800 JavaThread "Finalizer" daemon [_thread_blocked, id=325704, stack(0x000000001a0f0000,0x000000001a1f0000)]
  0x0000000003091000 JavaThread "Reference Handler" daemon [_thread_blocked, id=272668, stack(0x0000000019ff0000,0x000000001a0f0000)]
  0x0000000002e9e000 JavaThread "main" [_thread_blocked, id=328816, stack(0x0000000002ea0000,0x0000000002fa0000)]

Other Threads:
  0x0000000018e56800 VMThread [stack: 0x0000000019ef0000,0x0000000019ff0000] [id=319516]
  0x000000001a252800 WatcherThread [stack: 0x000000001abf0000,0x000000001acf0000] [id=326388]

VM state:not at safepoint (normal execution)

VM Mutex/Monitor currently owned by a thread: None

heap address: 0x0000000721800000, size: 2536 MB, Compressed Oops mode: Zero based, Oop shift amount: 3
Narrow klass base: 0x0000000000000000, Narrow klass shift: 3
Compressed class space size: 1073741824 Address: 0x00000007c0000000

Heap:
 PSYoungGen      total 203776K, used 53197K [0x000000078b300000, 0x0000000798f00000, 0x00000007c0000000)
  eden space 186368K, 28% used [0x000000078b300000,0x000000078e6f35d8,0x0000000796900000)
  from space 17408K, 0% used [0x0000000797b00000,0x0000000797b00000,0x0000000798c00000)
  to   space 18432K, 0% used [0x0000000796900000,0x0000000796900000,0x0000000797b00000)
 ParOldGen       total 65536K, used 44094K [0x0000000721800000, 0x0000000725800000, 0x000000078b300000)
  object space 65536K, 67% used [0x0000000721800000,0x000000072430fb50,0x0000000725800000)
 Metaspace       used 58784K, capacity 61082K, committed 61440K, reserved 1101824K
  class space    used 8023K, capacity 8594K, committed 8704K, reserved 1048576K

Card table byte_map: [0x0000000012460000,0x0000000012960000] byte_map_base: 0x000000000eb54000

Marking Bits: (ParMarkBitMap*) 0x0000000057cc9f30
 Begin Bits: [0x00000000130b0000, 0x0000000015850000)
 End Bits:   [0x0000000015850000, 0x0000000017ff0000)

Polling page: 0x0000000000d20000

CodeCache: size=245760Kb used=19509Kb max_used=19509Kb free=226250Kb
 bounds [0x00000000030a0000, 0x00000000043d0000, 0x00000000120a0000]
 total_blobs=6332 nmethods=5544 adapters=700
 compilation: enabled

Compilation events (10 events):
Event: 46.574 Thread 0x000000001a249000 6238       1       org.jetbrains.plugins.gradle.model.DefaultExternalLibraryDependency::getJavadoc (5 bytes)
Event: 46.575 Thread 0x000000001a249000 nmethod 6238 0x00000000043bced0 code [0x00000000043bd020, 0x00000000043bd130]
Event: 46.577 Thread 0x000000001a249000 6239       3       org.gradle.api.internal.DefaultDomainObjectCollection::add (25 bytes)
Event: 46.577 Thread 0x000000001a249000 nmethod 6239 0x00000000043bd190 code [0x00000000043bd340, 0x00000000043bd948]
Event: 46.691 Thread 0x000000001a249000 6240       1       com.android.build.gradle.options.BooleanOption::getPropertyName (5 bytes)
Event: 46.691 Thread 0x000000001a249000 nmethod 6240 0x00000000043bdb10 code [0x00000000043bdc60, 0x00000000043bdd70]
Event: 46.691 Thread 0x000000001a249000 6241       3       java.util.stream.Collectors$$Lambda$37/1458488102::accept (21 bytes)
Event: 46.692 Thread 0x000000001a249000 nmethod 6241 0x00000000043bddd0 code [0x00000000043bdf80, 0x00000000043be4c8]
Event: 46.692 Thread 0x000000001a249000 6242       3       java.util.HashMap::merge (335 bytes)
Event: 46.694 Thread 0x000000001a249000 nmethod 6242 0x00000000043be6d0 code [0x00000000043be980, 0x00000000043bffa8]

GC Heap History (10 events):
Event: 29.769 GC heap before
{Heap before GC invocations=13 (full 2):
 PSYoungGen      total 91648K, used 224K [0x000000078b300000, 0x0000000794700000, 0x00000007c0000000)
  eden space 80384K, 0% used [0x000000078b300000,0x000000078b300000,0x0000000790180000)
  from space 11264K, 1% used [0x0000000790180000,0x00000007901b8000,0x0000000790c80000)
  to   space 11776K, 0% used [0x0000000793b80000,0x0000000793b80000,0x0000000794700000)
 ParOldGen       total 53760K, used 17833K [0x0000000721800000, 0x0000000724c80000, 0x000000078b300000)
  object space 53760K, 33% used [0x0000000721800000,0x000000072296a558,0x0000000724c80000)
 Metaspace       used 34394K, capacity 35432K, committed 35456K, reserved 1079296K
  class space    used 4752K, capacity 4986K, committed 4992K, reserved 1048576K
Event: 29.907 GC heap after
Heap after GC invocations=13 (full 2):
 PSYoungGen      total 91648K, used 0K [0x000000078b300000, 0x0000000794700000, 0x00000007c0000000)
  eden space 80384K, 0% used [0x000000078b300000,0x000000078b300000,0x0000000790180000)
  from space 11264K, 0% used [0x0000000790180000,0x0000000790180000,0x0000000790c80000)
  to   space 11776K, 0% used [0x0000000793b80000,0x0000000793b80000,0x0000000794700000)
 ParOldGen       total 65536K, used 15916K [0x0000000721800000, 0x0000000725800000, 0x000000078b300000)
  object space 65536K, 24% used [0x0000000721800000,0x000000072278b338,0x0000000725800000)
 Metaspace       used 34394K, capacity 35432K, committed 35456K, reserved 1079296K
  class space    used 4752K, capacity 4986K, committed 4992K, reserved 1048576K
}
Event: 34.786 GC heap before
{Heap before GC invocations=14 (full 2):
 PSYoungGen      total 91648K, used 80384K [0x000000078b300000, 0x0000000794700000, 0x00000007c0000000)
  eden space 80384K, 100% used [0x000000078b300000,0x0000000790180000,0x0000000790180000)
  from space 11264K, 0% used [0x0000000790180000,0x0000000790180000,0x0000000790c80000)
  to   space 11776K, 0% used [0x0000000793b80000,0x0000000793b80000,0x0000000794700000)
 ParOldGen       total 65536K, used 15916K [0x0000000721800000, 0x0000000725800000, 0x000000078b300000)
  object space 65536K, 24% used [0x0000000721800000,0x000000072278b338,0x0000000725800000)
 Metaspace       used 42290K, capacity 43616K, committed 43776K, reserved 1087488K
  class space    used 5749K, capacity 6089K, committed 6144K, reserved 1048576K
Event: 34.807 GC heap after
Heap after GC invocations=14 (full 2):
 PSYoungGen      total 134656K, used 10764K [0x000000078b300000, 0x0000000794680000, 0x00000007c0000000)
  eden space 123392K, 0% used [0x000000078b300000,0x000000078b300000,0x0000000792b80000)
  from space 11264K, 95% used [0x0000000793b80000,0x00000007946031e8,0x0000000794680000)
  to   space 12800K, 0% used [0x0000000792d80000,0x0000000792d80000,0x0000000793a00000)
 ParOldGen       total 65536K, used 15924K [0x0000000721800000, 0x0000000725800000, 0x000000078b300000)
  object space 65536K, 24% used [0x0000000721800000,0x000000072278d338,0x0000000725800000)
 Metaspace       used 42290K, capacity 43616K, committed 43776K, reserved 1087488K
  class space    used 5749K, capacity 6089K, committed 6144K, reserved 1048576K
}
Event: 37.986 GC heap before
{Heap before GC invocations=15 (full 2):
 PSYoungGen      total 134656K, used 134156K [0x000000078b300000, 0x0000000794680000, 0x00000007c0000000)
  eden space 123392K, 100% used [0x000000078b300000,0x0000000792b80000,0x0000000792b80000)
  from space 11264K, 95% used [0x0000000793b80000,0x00000007946031e8,0x0000000794680000)
  to   space 12800K, 0% used [0x0000000792d80000,0x0000000792d80000,0x0000000793a00000)
 ParOldGen       total 65536K, used 15924K [0x0000000721800000, 0x0000000725800000, 0x000000078b300000)
  object space 65536K, 24% used [0x0000000721800000,0x000000072278d338,0x0000000725800000)
 Metaspace       used 47450K, capacity 49068K, committed 49152K, reserved 1091584K
  class space    used 6398K, capacity 6851K, committed 6912K, reserved 1048576K
Event: 38.085 GC heap after
Heap after GC invocations=15 (full 2):
 PSYoungGen      total 138240K, used 12790K [0x000000078b300000, 0x0000000798c00000, 0x00000007c0000000)
  eden space 125440K, 0% used [0x000000078b300000,0x000000078b300000,0x0000000792d80000)
  from space 12800K, 99% used [0x0000000792d80000,0x00000007939fd9b8,0x0000000793a00000)
  to   space 17408K, 0% used [0x0000000797b00000,0x0000000797b00000,0x0000000798c00000)
 ParOldGen       total 65536K, used 23362K [0x0000000721800000, 0x0000000725800000, 0x000000078b300000)
  object space 65536K, 35% used [0x0000000721800000,0x0000000722ed0800,0x0000000725800000)
 Metaspace       used 47450K, capacity 49068K, committed 49152K, reserved 1091584K
  class space    used 6398K, capacity 6851K, committed 6912K, reserved 1048576K
}
Event: 43.257 GC heap before
{Heap before GC invocations=16 (full 2):
 PSYoungGen      total 138240K, used 133376K [0x000000078b300000, 0x0000000798c00000, 0x00000007c0000000)
  eden space 125440K, 96% used [0x000000078b300000,0x00000007928c2930,0x0000000792d80000)
  from space 12800K, 99% used [0x0000000792d80000,0x00000007939fd9b8,0x0000000793a00000)
  to   space 17408K, 0% used [0x0000000797b00000,0x0000000797b00000,0x0000000798c00000)
 ParOldGen       total 65536K, used 23362K [0x0000000721800000, 0x0000000725800000, 0x000000078b300000)
  object space 65536K, 35% used [0x0000000721800000,0x0000000722ed0800,0x0000000725800000)
 Metaspace       used 56748K, capacity 58986K, committed 59096K, reserved 1099776K
  class space    used 7722K, capacity 8261K, committed 8320K, reserved 1048576K
Event: 43.351 GC heap after
Heap after GC invocations=16 (full 2):
 PSYoungGen      total 203776K, used 12847K [0x000000078b300000, 0x0000000798f00000, 0x00000007c0000000)
  eden space 186368K, 0% used [0x000000078b300000,0x000000078b300000,0x0000000796900000)
  from space 17408K, 73% used [0x0000000797b00000,0x000000079878bf08,0x0000000798c00000)
  to   space 18432K, 0% used [0x0000000796900000,0x0000000796900000,0x0000000797b00000)
 ParOldGen       total 65536K, used 35547K [0x0000000721800000, 0x0000000725800000, 0x000000078b300000)
  object space 65536K, 54% used [0x0000000721800000,0x0000000723ab6c70,0x0000000725800000)
 Metaspace       used 56748K, capacity 58986K, committed 59096K, reserved 1099776K
  class space    used 7722K, capacity 8261K, committed 8320K, reserved 1048576K
}
Event: 43.351 GC heap before
{Heap before GC invocations=17 (full 3):
 PSYoungGen      total 203776K, used 12847K [0x000000078b300000, 0x0000000798f00000, 0x00000007c0000000)
  eden space 186368K, 0% used [0x000000078b300000,0x000000078b300000,0x0000000796900000)
  from space 17408K, 73% used [0x0000000797b00000,0x000000079878bf08,0x0000000798c00000)
  to   space 18432K, 0% used [0x0000000796900000,0x0000000796900000,0x0000000797b00000)
 ParOldGen       total 65536K, used 35547K [0x0000000721800000, 0x0000000725800000, 0x000000078b300000)
  object space 65536K, 54% used [0x0000000721800000,0x0000000723ab6c70,0x0000000725800000)
 Metaspace       used 56748K, capacity 58986K, committed 59096K, reserved 1099776K
  class space    used 7722K, capacity 8261K, committed 8320K, reserved 1048576K
Event: 43.860 GC heap after
Heap after GC invocations=17 (full 3):
 PSYoungGen      total 203776K, used 0K [0x000000078b300000, 0x0000000798f00000, 0x00000007c0000000)
  eden space 186368K, 0% used [0x000000078b300000,0x000000078b300000,0x0000000796900000)
  from space 17408K, 0% used [0x0000000797b00000,0x0000000797b00000,0x0000000798c00000)
  to   space 18432K, 0% used [0x0000000796900000,0x0000000796900000,0x0000000797b00000)
 ParOldGen       total 65536K, used 44094K [0x0000000721800000, 0x0000000725800000, 0x000000078b300000)
  object space 65536K, 67% used [0x0000000721800000,0x000000072430fb50,0x0000000725800000)
 Metaspace       used 56748K, capacity 58986K, committed 59096K, reserved 1099776K
  class space    used 7722K, capacity 8261K, committed 8320K, reserved 1048576K
}

Deoptimization events (10 events):
Event: 44.638 Thread 0x000000001b982800 Uncommon trap: reason=unstable_if action=reinterpret pc=0x00000000042537f0 method=org.objectweb.asm.Type.getType(Ljava/lang/Class;)Lorg/objectweb/asm/Type; @ 33
Event: 44.638 Thread 0x000000001b982800 Uncommon trap: reason=unstable_if action=reinterpret pc=0x00000000041144e0 method=org.objectweb.asm.Type.getArgumentsAndReturnSizes(Ljava/lang/String;)I @ 109
Event: 44.638 Thread 0x000000001b982800 Uncommon trap: reason=unstable_if action=reinterpret pc=0x0000000003ad31dc method=org.objectweb.asm.Type.getArgumentsAndReturnSizes(Ljava/lang/String;)I @ 109
Event: 44.776 Thread 0x000000001b982800 Uncommon trap: reason=unstable_if action=reinterpret pc=0x0000000003dc56d8 method=java.util.TreeMap.put(Ljava/lang/Object;Ljava/lang/Object;)Ljava/lang/Object; @ 163
Event: 44.790 Thread 0x000000001b982800 Uncommon trap: reason=unstable_if action=reinterpret pc=0x00000000042bd114 method=org.gradle.api.internal.project.taskfactory.DefaultTaskClassInfoStore.createTaskAction(Ljava/lang/Class;Ljava/lang/reflect/Method;Ljava/util/Map;)Lorg/gradle/api/internal/pr
Event: 45.913 Thread 0x000000001b982800 Uncommon trap: reason=unstable_if action=reinterpret pc=0x0000000003f1c964 method=java.util.concurrent.ConcurrentHashMap.get(Ljava/lang/Object;)Ljava/lang/Object; @ 152
Event: 46.064 Thread 0x000000001b982800 Uncommon trap: reason=unstable_if action=reinterpret pc=0x0000000004371384 method=com.esotericsoftware.kryo.io.Input.readString()Ljava/lang/String; @ 28
Event: 46.065 Thread 0x000000001b982800 Uncommon trap: reason=unstable_if action=reinterpret pc=0x0000000003c98910 method=com.esotericsoftware.kryo.io.Input.readVarInt(Z)I @ 42
Event: 46.207 Thread 0x000000001b982800 Uncommon trap: reason=class_check action=maybe_recompile pc=0x0000000003d1624c method=java.lang.Throwable.<init>(Ljava/lang/String;Ljava/lang/Throwable;)V @ 24
Event: 46.207 Thread 0x000000001b982800 Uncommon trap: reason=class_check action=maybe_recompile pc=0x0000000003d1624c method=java.lang.Throwable.<init>(Ljava/lang/String;Ljava/lang/Throwable;)V @ 24

Classes redefined (0 events):
No events

Internal exceptions (10 events):
Event: 40.647 Thread 0x000000001b982800 Exception <a 'java/lang/ClassNotFoundException': com/android/build/gradle/tasks/ProcessApplicationManifestCustomizer> (0x00000007901a6808) thrown at [D:\src\AOSP-openjdk-cygwin\jdk8u\hotspot\src\share\vm\classfile\systemDictionary.cpp, line 210]
Event: 40.649 Thread 0x000000001b982800 Exception <a 'java/lang/ClassNotFoundException': com/android/build/gradle/tasks/ProcessApplicationManifest_DecoratedCustomizer> (0x00000007901fa3d0) thrown at [D:\src\AOSP-openjdk-cygwin\jdk8u\hotspot\src\share\vm\classfile\systemDictionary.cpp, line 210]
Event: 41.379 Thread 0x000000001b982800 Exception <a 'java/lang/NoSuchMethodError': java.lang.Object.lambda$static$0(Ljava/util/Set;Ljava/util/Set;)Z> (0x00000007910be230) thrown at [D:\src\AOSP-openjdk-cygwin\jdk8u\hotspot\src\share\vm\interpreter\linkResolver.cpp, line 620]
Event: 41.380 Thread 0x000000001b982800 Exception <a 'java/lang/NoSuchMethodError': java.lang.Object.lambda$static$1(Ljava/util/Set;Ljava/util/Set;)Z> (0x00000007910c11a0) thrown at [D:\src\AOSP-openjdk-cygwin\jdk8u\hotspot\src\share\vm\interpreter\linkResolver.cpp, line 620]
Event: 41.381 Thread 0x000000001b982800 Exception <a 'java/lang/NoSuchMethodError': java.lang.Object.lambda$static$2(Ljava/util/Set;Ljava/util/Set;)Z> (0x00000007910c3ce0) thrown at [D:\src\AOSP-openjdk-cygwin\jdk8u\hotspot\src\share\vm\interpreter\linkResolver.cpp, line 620]
Event: 41.381 Thread 0x000000001b982800 Exception <a 'java/lang/NoSuchMethodError': java.lang.Object.lambda$static$3(Ljava/util/Set;Ljava/util/Set;)Z> (0x00000007910c6820) thrown at [D:\src\AOSP-openjdk-cygwin\jdk8u\hotspot\src\share\vm\interpreter\linkResolver.cpp, line 620]
Event: 41.381 Thread 0x000000001b982800 Exception <a 'java/lang/NoSuchMethodError': java.lang.Object.lambda$static$4(Ljava/util/Set;Ljava/util/Set;)Z> (0x00000007910c9360) thrown at [D:\src\AOSP-openjdk-cygwin\jdk8u\hotspot\src\share\vm\interpreter\linkResolver.cpp, line 620]
Event: 42.654 Thread 0x000000001b982800 Exception <a 'java/lang/NoSuchMethodError': java.lang.Object.lambda$identity$2(Ljava/lang/Object;)Ljava/lang/Object;> (0x00000007922b0a60) thrown at [D:\src\AOSP-openjdk-cygwin\jdk8u\hotspot\src\share\vm\interpreter\linkResolver.cpp, line 620]
Event: 45.186 Thread 0x000000001b982800 Exception <a 'java/lang/ClassNotFoundException': org/jetbrains/plugins/gradle/tooling/util/SourceSetCachedFinderBeanInfo> (0x000000078cab3698) thrown at [D:\src\AOSP-openjdk-cygwin\jdk8u\hotspot\src\share\vm\classfile\systemDictionary.cpp, line 210]
Event: 45.186 Thread 0x000000001b982800 Exception <a 'java/lang/ClassNotFoundException': org/jetbrains/plugins/gradle/tooling/util/SourceSetCachedFinderCustomizer> (0x000000078cac5830) thrown at [D:\src\AOSP-openjdk-cygwin\jdk8u\hotspot\src\share\vm\classfile\systemDictionary.cpp, line 210]

Events (10 events):
Event: 46.681 loading class org/gradle/tooling/provider/model/internal/DefaultToolingModelBuilderRegistry$ParameterizedBuildOperationWrappingToolingModelBuilder$1$1
Event: 46.681 loading class org/gradle/tooling/provider/model/internal/DefaultToolingModelBuilderRegistry$ParameterizedBuildOperationWrappingToolingModelBuilder$1$1 done
Event: 46.682 loading class com/android/build/gradle/internal/ide/FailsafeModelBuilderParameter
Event: 46.682 loading class com/android/build/gradle/internal/ide/FailsafeModelBuilderParameter done
Event: 46.685 loading class com/android/build/gradle/internal/ide/dependencies/BuildMappingUtils
Event: 46.685 loading class com/android/build/gradle/internal/ide/dependencies/BuildMappingUtils done
Event: 46.687 loading class org/gradle/tooling/internal/adapter/MethodInvocation
Event: 46.687 loading class org/gradle/tooling/internal/adapter/MethodInvocation done
Event: 46.687 loading class org/gradle/tooling/internal/adapter/ProtocolToModelAdapter$MethodInvocationCache$MethodInvocationKey
Event: 46.688 loading class org/gradle/tooling/internal/adapter/ProtocolToModelAdapter$MethodInvocationCache$MethodInvocationKey done


Dynamic libraries:
0x00007ff7e27b0000 - 0x00007ff7e27e1000 	E:\AndroidStudio\jre\bin\java.exe
0x00007ffb787e0000 - 0x00007ffb789d0000 	C:\WINDOWS\SYSTEM32\ntdll.dll
0x00007ffb77f40000 - 0x00007ffb77ff2000 	C:\WINDOWS\System32\KERNEL32.DLL
0x00007ffb763c0000 - 0x00007ffb76663000 	C:\WINDOWS\System32\KERNELBASE.dll
0x00007ffb76940000 - 0x00007ffb769e3000 	C:\WINDOWS\System32\ADVAPI32.dll
0x00007ffb77ea0000 - 0x00007ffb77f3e000 	C:\WINDOWS\System32\msvcrt.dll
0x00007ffb77110000 - 0x00007ffb771a7000 	C:\WINDOWS\System32\sechost.dll
0x00007ffb77280000 - 0x00007ffb773a0000 	C:\WINDOWS\System32\RPCRT4.dll
0x00007ffb76e20000 - 0x00007ffb76fb3000 	C:\WINDOWS\System32\USER32.dll
0x00007ffb767c0000 - 0x00007ffb767e1000 	C:\WINDOWS\System32\win32u.dll
0x00007ffb76df0000 - 0x00007ffb76e16000 	C:\WINDOWS\System32\GDI32.dll
0x00007ffb75840000 - 0x00007ffb759d4000 	C:\WINDOWS\System32\gdi32full.dll
0x00007ffb767f0000 - 0x00007ffb7688e000 	C:\WINDOWS\System32\msvcp_win.dll
0x00007ffb762c0000 - 0x00007ffb763ba000 	C:\WINDOWS\System32\ucrtbase.dll
0x00007ffb68f90000 - 0x00007ffb69215000 	C:\WINDOWS\WinSxS\amd64_microsoft.windows.common-controls_6595b64144ccf1df_6.0.18362.329_none_e6c7b0c7130c72de\COMCTL32.dll
0x00007ffb779e0000 - 0x00007ffb77d16000 	C:\WINDOWS\System32\combase.dll
0x00007ffb75a10000 - 0x00007ffb75a90000 	C:\WINDOWS\System32\bcryptPrimitives.dll
0x00007ffb76c20000 - 0x00007ffb76c4e000 	C:\WINDOWS\System32\IMM32.DLL
0x0000000057420000 - 0x00000000574f2000 	E:\AndroidStudio\jre\jre\bin\msvcr100.dll
0x0000000057500000 - 0x0000000057d46000 	E:\AndroidStudio\jre\jre\bin\server\jvm.dll
0x00007ffb76c10000 - 0x00007ffb76c18000 	C:\WINDOWS\System32\PSAPI.DLL
0x00007ffb63f30000 - 0x00007ffb63f3a000 	C:\WINDOWS\SYSTEM32\VERSION.dll
0x00007ffb721a0000 - 0x00007ffb721c4000 	C:\WINDOWS\SYSTEM32\WINMM.dll
0x00007ffb72170000 - 0x00007ffb7219d000 	C:\WINDOWS\SYSTEM32\WINMMBASE.dll
0x00007ffb75790000 - 0x00007ffb757da000 	C:\WINDOWS\System32\cfgmgr32.dll
0x00007ffb6e410000 - 0x00007ffb6e419000 	C:\WINDOWS\SYSTEM32\WSOCK32.dll
0x00007ffb77d20000 - 0x00007ffb77d8f000 	C:\WINDOWS\System32\WS2_32.dll
0x00007ffb6e0a0000 - 0x00007ffb6e0af000 	E:\AndroidStudio\jre\jre\bin\verify.dll
0x00007ffb6bcc0000 - 0x00007ffb6bce9000 	E:\AndroidStudio\jre\jre\bin\java.dll
0x00007ffb6d310000 - 0x00007ffb6d326000 	E:\AndroidStudio\jre\jre\bin\zip.dll
0x00007ffb78010000 - 0x00007ffb786f5000 	C:\WINDOWS\System32\SHELL32.dll
0x00007ffb76890000 - 0x00007ffb76939000 	C:\WINDOWS\System32\shcore.dll
0x00007ffb75b40000 - 0x00007ffb762be000 	C:\WINDOWS\System32\windows.storage.dll
0x00007ffb75730000 - 0x00007ffb7574f000 	C:\WINDOWS\System32\profapi.dll
0x00007ffb756e0000 - 0x00007ffb7572a000 	C:\WINDOWS\System32\powrprof.dll
0x00007ffb756b0000 - 0x00007ffb756c0000 	C:\WINDOWS\System32\UMPDC.dll
0x00007ffb77e40000 - 0x00007ffb77e92000 	C:\WINDOWS\System32\shlwapi.dll
0x00007ffb756c0000 - 0x00007ffb756d1000 	C:\WINDOWS\System32\kernel.appcore.dll
0x00007ffb75770000 - 0x00007ffb75787000 	C:\WINDOWS\System32\cryptsp.dll
0x00007ffb6bd80000 - 0x00007ffb6bd9a000 	E:\AndroidStudio\jre\jre\bin\net.dll
0x00007ffb74f20000 - 0x00007ffb74f87000 	C:\WINDOWS\system32\mswsock.dll
0x00007ffb693c0000 - 0x00007ffb693d1000 	E:\AndroidStudio\jre\jre\bin\nio.dll
0x00007ffb66510000 - 0x00007ffb66536000 	C:\Users\Administrator\.gradle\native\29\windows-amd64\native-platform.dll
0x00007ffb6e450000 - 0x00007ffb6e45d000 	E:\AndroidStudio\jre\jre\bin\management.dll
0x00007ffb74a90000 - 0x00007ffb74ac3000 	C:\WINDOWS\system32\rsaenh.dll
0x00007ffb759e0000 - 0x00007ffb75a06000 	C:\WINDOWS\System32\bcrypt.dll
0x00007ffb755d0000 - 0x00007ffb755f5000 	C:\WINDOWS\SYSTEM32\USERENV.dll
0x00007ffb750f0000 - 0x00007ffb750fc000 	C:\WINDOWS\SYSTEM32\CRYPTBASE.dll
0x00007ffb74c30000 - 0x00007ffb74c6a000 	C:\WINDOWS\SYSTEM32\IPHLPAPI.DLL
0x00007ffb78000000 - 0x00007ffb78008000 	C:\WINDOWS\System32\NSI.dll
0x00007ffb69540000 - 0x00007ffb69556000 	C:\WINDOWS\SYSTEM32\dhcpcsvc6.DLL
0x00007ffb6a790000 - 0x00007ffb6a7ac000 	C:\WINDOWS\SYSTEM32\dhcpcsvc.DLL
0x00007ffb74c70000 - 0x00007ffb74d3a000 	C:\WINDOWS\SYSTEM32\DNSAPI.dll

VM Arguments:
jvm_args: -Xmx2536m -Dfile.encoding=GBK -Duser.country=CN -Duser.language=zh -Duser.variant 
java_command: org.gradle.launcher.daemon.bootstrap.GradleDaemon 5.4.1
java_class_path (initial): C:\Users\Administrator\.gradle\wrapper\dists\gradle-5.4.1-all\3221gyojl5jsh0helicew7rwx\gradle-5.4.1\lib\gradle-launcher-5.4.1.jar
Launcher Type: SUN_STANDARD

Environment Variables:
JAVA_HOME=C:\Program Files\Java\jdk1.8.0_121
CLASSPATH=.;C:\Program Files\Java\jdk1.8.0_121\lib\dt.jar;C:\Program Files\Java\jdk1.8.0_121\lib\tools.jar
PATH=C:\Program Files\Java\jdk1.8.0_121\bin;C:\Program Files\Java\jdk1.8.0_121\jre\bin;C:\ProgramData\Oracle\Java\javapath;C:\WINDOWS\system32;C:\WINDOWS;C:\WINDOWS\System32\Wbem;C:\WINDOWS\System32\WindowsPowerShell\v1.0\;C:\WINDOWS\System32\OpenSSH\;E:\AndroidStudioSDK\platform-tools;C:\Program Files\Common Files\Autodesk Shared\;C:\Program Files (x86)\Autodesk\Backburner\;E:\Python3.7.4\Scripts;E:\Python3.7.4;E:\AndroidStudioSDK\ndk-bundle;C:\src\flutter\bin;C:\Program Files\Microsoft SQL Server\130\Tools\Binn\;E:\KillApkTools\Git\bin;E:\Python3.7.4\Scripts\;E:\Python3.7.4\;C:\Users\Administrator\AppData\Local\Microsoft\WindowsApps;;E:\KillApkTools\Fiddler;C:\Users\Administrator\AppData\Local\Microsoft\WindowsApps;E:\Program Files\Microsoft VS Code\bin
USERNAME=Administrator
OS=Windows_NT
PROCESSOR_IDENTIFIER=Intel64 Family 6 Model 58 Stepping 9, GenuineIntel



---------------  S Y S T E M  ---------------

OS: Windows 10.0 , 64 bit Build 18362 (10.0.18362.329)

CPU:total 4 (initial active 4) (2 cores per cpu, 2 threads per core) family 6 model 58 stepping 9, cmov, cx8, fxsr, mmx, sse, sse2, sse3, ssse3, sse4.1, sse4.2, popcnt, avx, aes, clmul, erms, ht, tsc, tscinvbit, tscinv

Memory: 4k page, physical 8078228k(7224k free), swap 18484076k(1568k free)

vm_info: OpenJDK 64-Bit Server VM (25.202-b03) for windows-amd64 JRE (1.8.0_202-release-1483-b03), built by "builder" with MS VC++ 10.0 (VS2010)

time: Mon Apr 13 16:49:28 2020
timezone: 中国标准时间
elapsed time: 46 seconds (0d 0h 0m 46s)

