#
# There is insufficient memory for the Java Runtime Environment to continue.
# Native memory allocation (malloc) failed to allocate 1052336 bytes for Chunk::new
# Possible reasons:
#   The system is out of physical RAM or swap space
#   The process is running with CompressedOops enabled, and the Java Heap may be blocking the growth of the native heap
# Possible solutions:
#   Reduce memory load on the system
#   Increase physical memory or swap space
#   Check if swap backing store is full
#   Decrease Java heap size (-Xmx/-Xms)
#   Decrease number of Java threads
#   Decrease Java thread stack sizes (-Xss)
#   Set larger code cache with -XX:ReservedCodeCacheSize=
#   JVM is running with Unscaled Compressed Oops mode in which the Java heap is
#     placed in the first 4GB address space. The Java Heap base address is the
#     maximum limit for the native heap growth. Please use -XX:HeapBaseMinAddress
#     to set the Java Heap base and to place the Java Heap above 4GB virtual address.
# This output file may be truncated or incomplete.
#
#  Out of Memory Error (allocation.cpp:389), pid=323096, tid=0x000000000004e408
#
# JRE version: OpenJDK Runtime Environment (8.0_202-b03) (build 1.8.0_202-release-1483-b03)
# Java VM: OpenJDK 64-Bit Server VM (25.202-b03 mixed mode windows-amd64 compressed oops)
# Failed to write core dump. Minidumps are not enabled by default on client versions of Windows
#

---------------  T H R E A D  ---------------

Current thread (0x0000000017cda000):  JavaThread "C2 CompilerThread1" daemon [_thread_in_native, id=320520, stack(0x0000000018380000,0x0000000018480000)]

Stack: [0x0000000018380000,0x0000000018480000]
[error occurred during error reporting (printing stack bounds), id 0xc0000005]

Native frames: (J=compiled Java code, j=interpreted, Vv=VM code, C=native code)


Current CompileTask:
C2: 101247 4372   !   4       java.util.jar.Attributes::read (380 bytes)


---------------  P R O C E S S  ---------------

Java Threads: ( => current thread )
  0x000000001980a800 JavaThread "Cache worker for Build Output Cleanup Cache (E:\myhomeproject\--master\.gradle\buildOutputCleanup)" [_thread_blocked, id=329172, stack(0x0000000022630000,0x0000000022730000)]
  0x0000000019809000 JavaThread "Build operations Thread 4" [_thread_blocked, id=328148, stack(0x0000000021d30000,0x0000000021e30000)]
  0x000000001980f000 JavaThread "Build operations Thread 3" [_thread_blocked, id=328444, stack(0x0000000021c30000,0x0000000021d30000)]
  0x000000001980c000 JavaThread "Build operations Thread 2" [_thread_blocked, id=325036, stack(0x000000001f930000,0x000000001fa30000)]
  0x0000000019808000 JavaThread "Build operations" [_thread_blocked, id=326120, stack(0x0000000000f10000,0x0000000001010000)]
  0x000000001980b000 JavaThread "Cache worker for execution history cache (C:\Users\Administrator\.gradle\caches\5.4.1\executionHistory)" [_thread_blocked, id=328388, stack(0x000000001f030000,0x000000001f130000)]
  0x0000000017ccb800 JavaThread "Cache worker for cache directory md-rule (C:\Users\Administrator\.gradle\caches\5.4.1\md-rule)" [_thread_blocked, id=328980, stack(0x000000001ef30000,0x000000001f030000)]
  0x0000000017cca800 JavaThread "Cache worker for cache directory md-supplier (C:\Users\Administrator\.gradle\caches\5.4.1\md-supplier)" [_thread_blocked, id=328484, stack(0x000000001ee30000,0x000000001ef30000)]
  0x0000000017ccc000 JavaThread "Cache worker for file hash cache (E:\myhomeproject\--master\.gradle\5.4.1\fileHashes)" [_thread_blocked, id=327396, stack(0x000000001c580000,0x000000001c680000)]
  0x0000000017cc9000 JavaThread "Cache worker for journal cache (C:\Users\Administrator\.gradle\caches\journal-1)" [_thread_blocked, id=324948, stack(0x000000001b120000,0x000000001b220000)]
  0x0000000017ccd800 JavaThread "File lock request listener" [_thread_in_native, id=324328, stack(0x000000001b020000,0x000000001b120000)]
  0x0000000017cd0000 JavaThread "Cache worker for file hash cache (C:\Users\Administrator\.gradle\caches\5.4.1\fileHashes)" [_thread_blocked, id=324576, stack(0x000000001ad20000,0x000000001ae20000)]
  0x00000000197ab800 JavaThread "Thread-9" [_thread_blocked, id=328972, stack(0x000000001ac20000,0x000000001ad20000)]
  0x00000000197a8800 JavaThread "Stdin handler" [_thread_blocked, id=328084, stack(0x000000001ab20000,0x000000001ac20000)]
  0x00000000197a8000 JavaThread "Asynchronous log dispatcher for DefaultDaemonConnection: socket connection from /127.0.0.1:62818 to /127.0.0.1:62819" [_thread_blocked, id=327136, stack(0x000000001aa20000,0x000000001ab20000)]
  0x0000000017db8000 JavaThread "Daemon worker" [_thread_in_vm, id=328892, stack(0x000000001a920000,0x000000001aa20000)]
  0x0000000018f4c800 JavaThread "Cancel handler" [_thread_blocked, id=327068, stack(0x000000001a820000,0x000000001a920000)]
  0x0000000017eb2000 JavaThread "Handler for socket connection from /127.0.0.1:62818 to /127.0.0.1:62819" [_thread_in_native, id=325812, stack(0x000000001a520000,0x000000001a620000)]
  0x0000000017eaf000 JavaThread "Daemon" [_thread_blocked, id=326896, stack(0x000000001a420000,0x000000001a520000)]
  0x00000000194fa000 JavaThread "Daemon periodic checks" [_thread_blocked, id=327852, stack(0x000000001a320000,0x000000001a420000)]
  0x0000000017cd3800 JavaThread "Incoming local TCP Connector on port 62818" [_thread_in_native, id=329160, stack(0x0000000001010000,0x0000000001110000)]
  0x0000000018f2c800 JavaThread "Daemon health stats" [_thread_blocked, id=329680, stack(0x0000000019f50000,0x000000001a050000)]
  0x0000000017cea000 JavaThread "Service Thread" daemon [_thread_blocked, id=329128, stack(0x0000000018580000,0x0000000018680000)]
  0x0000000017cdc800 JavaThread "C1 CompilerThread2" daemon [_thread_blocked, id=329200, stack(0x0000000018480000,0x0000000018580000)]
=>0x0000000017cda000 JavaThread "C2 CompilerThread1" daemon [_thread_in_native, id=320520, stack(0x0000000018380000,0x0000000018480000)]
  0x0000000016909800 JavaThread "C2 CompilerThread0" daemon [_thread_in_native, id=329304, stack(0x0000000018280000,0x0000000018380000)]
  0x00000000168be000 JavaThread "Attach Listener" daemon [_thread_blocked, id=328432, stack(0x0000000018180000,0x0000000018280000)]
  0x0000000017c88800 JavaThread "Signal Dispatcher" daemon [_thread_blocked, id=329116, stack(0x0000000018080000,0x0000000018180000)]
  0x0000000002f3a000 JavaThread "Finalizer" daemon [_thread_blocked, id=329440, stack(0x0000000017b20000,0x0000000017c20000)]
  0x0000000002f31000 JavaThread "Reference Handler" daemon [_thread_blocked, id=328984, stack(0x0000000017a20000,0x0000000017b20000)]
  0x00000000009fe000 JavaThread "main" [_thread_blocked, id=327776, stack(0x0000000002d40000,0x0000000002e40000)]

Other Threads:
  0x0000000016876800 VMThread [stack: 0x0000000017920000,0x0000000017a20000] [id=329548]
  0x0000000017ceb000 WatcherThread [stack: 0x0000000018680000,0x0000000018780000] [id=329228]

VM state:not at safepoint (normal execution)

VM Mutex/Monitor currently owned by a thread: None

heap address: 0x00000000a0000000, size: 1536 MB, Compressed Oops mode: 32-bit
Narrow klass base: 0x0000000000000000, Narrow klass shift: 3
Compressed class space size: 1073741824 Address: 0x0000000100000000

Heap:
 PSYoungGen      total 46592K, used 28820K [0x00000000e0000000, 0x00000000e4400000, 0x0000000100000000)
  eden space 36352K, 52% used [0x00000000e0000000,0x00000000e12a27e0,0x00000000e2380000)
  from space 10240K, 95% used [0x00000000e2380000,0x00000000e2d02828,0x00000000e2d80000)
  to   space 11776K, 0% used [0x00000000e3880000,0x00000000e3880000,0x00000000e4400000)
 ParOldGen       total 68608K, used 17162K [0x00000000a0000000, 0x00000000a4300000, 0x00000000e0000000)
  object space 68608K, 25% used [0x00000000a0000000,0x00000000a10c2830,0x00000000a4300000)
 Metaspace       used 46211K, capacity 47648K, committed 47784K, reserved 1091584K
  class space    used 6134K, capacity 6487K, committed 6568K, reserved 1048576K

Card table byte_map: [0x0000000012300000,0x0000000012610000] byte_map_base: 0x0000000011e00000

Marking Bits: (ParMarkBitMap*) 0x0000000057cc9f30
 Begin Bits: [0x0000000012c10000, 0x0000000014410000)
 End Bits:   [0x0000000014410000, 0x0000000015c10000)

Polling page: 0x0000000001150000

CodeCache: size=245760Kb used=14365Kb max_used=14439Kb free=231394Kb
 bounds [0x0000000002f40000, 0x0000000003d70000, 0x0000000011f40000]
 total_blobs=4929 nmethods=4156 adapters=685
 compilation: enabled

Compilation events (10 events):
Event: 101.210 Thread 0x0000000017cdc800 nmethod 4431 0x0000000003d5ec10 code [0x0000000003d5ed60, 0x0000000003d5ef10]
Event: 101.211 Thread 0x0000000016909800 4432       4       sun.security.provider.SHA2::implCompress (331 bytes)
Event: 101.227 Thread 0x0000000017cdc800 4434       3       java.util.jar.Manifest::read (328 bytes)
Event: 101.227 Thread 0x0000000016909800 nmethod 4432 0x0000000003d5e250 code [0x0000000003d5e3a0, 0x0000000003d5eaa8]
Event: 101.227 Thread 0x0000000016909800 4433       4       java.util.jar.Manifest$FastInputStream::peek (38 bytes)
Event: 101.229 Thread 0x0000000016909800 nmethod 4433 0x0000000003079190 code [0x00000000030792e0, 0x00000000030793c8]
Event: 101.229 Thread 0x0000000017cdc800 nmethod 4434 0x0000000003d63b10 code [0x0000000003d63ea0, 0x0000000003d65918]
Event: 101.230 Thread 0x0000000016909800 4435       4       java.util.jar.Attributes$Name::isValid (45 bytes)
Event: 101.235 Thread 0x0000000016909800 nmethod 4435 0x000000000304b0d0 code [0x000000000304b220, 0x000000000304b558]
Event: 101.236 Thread 0x0000000016909800 4436       4       java.lang.String::<init> (38 bytes)

GC Heap History (10 events):
Event: 90.809 GC heap before
{Heap before GC invocations=13 (full 1):
 PSYoungGen      total 38912K, used 28197K [0x00000000e0000000, 0x00000000e3000000, 0x0000000100000000)
  eden space 28672K, 89% used [0x00000000e0000000,0x00000000e18f0998,0x00000000e1c00000)
  from space 10240K, 25% used [0x00000000e1c00000,0x00000000e1e98e18,0x00000000e2600000)
  to   space 9728K, 0% used [0x00000000e2680000,0x00000000e2680000,0x00000000e3000000)
 ParOldGen       total 45568K, used 15383K [0x00000000a0000000, 0x00000000a2c80000, 0x00000000e0000000)
  object space 45568K, 33% used [0x00000000a0000000,0x00000000a0f05f48,0x00000000a2c80000)
 Metaspace       used 34431K, capacity 35454K, committed 35496K, reserved 1079296K
  class space    used 4754K, capacity 5019K, committed 5032K, reserved 1048576K
Event: 90.815 GC heap after
Heap after GC invocations=13 (full 1):
 PSYoungGen      total 38400K, used 2333K [0x00000000e0000000, 0x00000000e4000000, 0x0000000100000000)
  eden space 28672K, 0% used [0x00000000e0000000,0x00000000e0000000,0x00000000e1c00000)
  from space 9728K, 23% used [0x00000000e2680000,0x00000000e28c7438,0x00000000e3000000)
  to   space 10752K, 0% used [0x00000000e1c00000,0x00000000e1c00000,0x00000000e2680000)
 ParOldGen       total 45568K, used 17027K [0x00000000a0000000, 0x00000000a2c80000, 0x00000000e0000000)
  object space 45568K, 37% used [0x00000000a0000000,0x00000000a10a0f78,0x00000000a2c80000)
 Metaspace       used 34431K, capacity 35454K, committed 35496K, reserved 1079296K
  class space    used 4754K, capacity 5019K, committed 5032K, reserved 1048576K
}
Event: 90.816 GC heap before
{Heap before GC invocations=14 (full 2):
 PSYoungGen      total 38400K, used 2333K [0x00000000e0000000, 0x00000000e4000000, 0x0000000100000000)
  eden space 28672K, 0% used [0x00000000e0000000,0x00000000e0000000,0x00000000e1c00000)
  from space 9728K, 23% used [0x00000000e2680000,0x00000000e28c7438,0x00000000e3000000)
  to   space 10752K, 0% used [0x00000000e1c00000,0x00000000e1c00000,0x00000000e2680000)
 ParOldGen       total 45568K, used 17027K [0x00000000a0000000, 0x00000000a2c80000, 0x00000000e0000000)
  object space 45568K, 37% used [0x00000000a0000000,0x00000000a10a0f78,0x00000000a2c80000)
 Metaspace       used 34431K, capacity 35454K, committed 35496K, reserved 1079296K
  class space    used 4754K, capacity 5019K, committed 5032K, reserved 1048576K
Event: 90.944 GC heap after
Heap after GC invocations=14 (full 2):
 PSYoungGen      total 38400K, used 0K [0x00000000e0000000, 0x00000000e4000000, 0x0000000100000000)
  eden space 28672K, 0% used [0x00000000e0000000,0x00000000e0000000,0x00000000e1c00000)
  from space 9728K, 0% used [0x00000000e2680000,0x00000000e2680000,0x00000000e3000000)
  to   space 10752K, 0% used [0x00000000e1c00000,0x00000000e1c00000,0x00000000e2680000)
 ParOldGen       total 68608K, used 17138K [0x00000000a0000000, 0x00000000a4300000, 0x00000000e0000000)
  object space 68608K, 24% used [0x00000000a0000000,0x00000000a10bc830,0x00000000a4300000)
 Metaspace       used 34431K, capacity 35454K, committed 35496K, reserved 1079296K
  class space    used 4754K, capacity 5019K, committed 5032K, reserved 1048576K
}
Event: 96.956 GC heap before
{Heap before GC invocations=15 (full 2):
 PSYoungGen      total 38400K, used 28672K [0x00000000e0000000, 0x00000000e4000000, 0x0000000100000000)
  eden space 28672K, 100% used [0x00000000e0000000,0x00000000e1c00000,0x00000000e1c00000)
  from space 9728K, 0% used [0x00000000e2680000,0x00000000e2680000,0x00000000e3000000)
  to   space 10752K, 0% used [0x00000000e1c00000,0x00000000e1c00000,0x00000000e2680000)
 ParOldGen       total 68608K, used 17138K [0x00000000a0000000, 0x00000000a4300000, 0x00000000e0000000)
  object space 68608K, 24% used [0x00000000a0000000,0x00000000a10bc830,0x00000000a4300000)
 Metaspace       used 35630K, capacity 36788K, committed 37032K, reserved 1081344K
  class space    used 4913K, capacity 5206K, committed 5288K, reserved 1048576K
Event: 96.964 GC heap after
Heap after GC invocations=15 (full 2):
 PSYoungGen      total 39424K, used 4182K [0x00000000e0000000, 0x00000000e3800000, 0x0000000100000000)
  eden space 28672K, 0% used [0x00000000e0000000,0x00000000e0000000,0x00000000e1c00000)
  from space 10752K, 38% used [0x00000000e1c00000,0x00000000e2015bb0,0x00000000e2680000)
  to   space 10240K, 0% used [0x00000000e2e00000,0x00000000e2e00000,0x00000000e3800000)
 ParOldGen       total 68608K, used 17146K [0x00000000a0000000, 0x00000000a4300000, 0x00000000e0000000)
  object space 68608K, 24% used [0x00000000a0000000,0x00000000a10be830,0x00000000a4300000)
 Metaspace       used 35630K, capacity 36788K, committed 37032K, reserved 1081344K
  class space    used 4913K, capacity 5206K, committed 5288K, reserved 1048576K
}
Event: 98.479 GC heap before
{Heap before GC invocations=16 (full 2):
 PSYoungGen      total 39424K, used 32854K [0x00000000e0000000, 0x00000000e3800000, 0x0000000100000000)
  eden space 28672K, 100% used [0x00000000e0000000,0x00000000e1c00000,0x00000000e1c00000)
  from space 10752K, 38% used [0x00000000e1c00000,0x00000000e2015bb0,0x00000000e2680000)
  to   space 10240K, 0% used [0x00000000e2e00000,0x00000000e2e00000,0x00000000e3800000)
 ParOldGen       total 68608K, used 17146K [0x00000000a0000000, 0x00000000a4300000, 0x00000000e0000000)
  object space 68608K, 24% used [0x00000000a0000000,0x00000000a10be830,0x00000000a4300000)
 Metaspace       used 38984K, capacity 40358K, committed 40488K, reserved 1083392K
  class space    used 5227K, capacity 5583K, committed 5672K, reserved 1048576K
Event: 98.489 GC heap after
Heap after GC invocations=16 (full 2):
 PSYoungGen      total 46080K, used 6899K [0x00000000e0000000, 0x00000000e3780000, 0x0000000100000000)
  eden space 36352K, 0% used [0x00000000e0000000,0x00000000e0000000,0x00000000e2380000)
  from space 9728K, 70% used [0x00000000e2e00000,0x00000000e34bccd0,0x00000000e3780000)
  to   space 10240K, 0% used [0x00000000e2380000,0x00000000e2380000,0x00000000e2d80000)
 ParOldGen       total 68608K, used 17154K [0x00000000a0000000, 0x00000000a4300000, 0x00000000e0000000)
  object space 68608K, 25% used [0x00000000a0000000,0x00000000a10c0830,0x00000000a4300000)
 Metaspace       used 38984K, capacity 40358K, committed 40488K, reserved 1083392K
  class space    used 5227K, capacity 5583K, committed 5672K, reserved 1048576K
}
Event: 100.689 GC heap before
{Heap before GC invocations=17 (full 2):
 PSYoungGen      total 46080K, used 43251K [0x00000000e0000000, 0x00000000e3780000, 0x0000000100000000)
  eden space 36352K, 100% used [0x00000000e0000000,0x00000000e2380000,0x00000000e2380000)
  from space 9728K, 70% used [0x00000000e2e00000,0x00000000e34bccd0,0x00000000e3780000)
  to   space 10240K, 0% used [0x00000000e2380000,0x00000000e2380000,0x00000000e2d80000)
 ParOldGen       total 68608K, used 17154K [0x00000000a0000000, 0x00000000a4300000, 0x00000000e0000000)
  object space 68608K, 25% used [0x00000000a0000000,0x00000000a10c0830,0x00000000a4300000)
 Metaspace       used 44569K, capacity 45998K, committed 46248K, reserved 1089536K
  class space    used 5909K, capacity 6244K, committed 6312K, reserved 1048576K
Event: 100.702 GC heap after
Heap after GC invocations=17 (full 2):
 PSYoungGen      total 46592K, used 9738K [0x00000000e0000000, 0x00000000e4400000, 0x0000000100000000)
  eden space 36352K, 0% used [0x00000000e0000000,0x00000000e0000000,0x00000000e2380000)
  from space 10240K, 95% used [0x00000000e2380000,0x00000000e2d02828,0x00000000e2d80000)
  to   space 11776K, 0% used [0x00000000e3880000,0x00000000e3880000,0x00000000e4400000)
 ParOldGen       total 68608K, used 17162K [0x00000000a0000000, 0x00000000a4300000, 0x00000000e0000000)
  object space 68608K, 25% used [0x00000000a0000000,0x00000000a10c2830,0x00000000a4300000)
 Metaspace       used 44569K, capacity 45998K, committed 46248K, reserved 1089536K
  class space    used 5909K, capacity 6244K, committed 6312K, reserved 1048576K
}

Deoptimization events (10 events):
Event: 101.029 Thread 0x0000000017db8000 Uncommon trap: reason=unstable_if action=reinterpret pc=0x00000000039600a0 method=java.util.HashMap.putVal(ILjava/lang/Object;Ljava/lang/Object;ZZ)Ljava/lang/Object; @ 236
Event: 101.086 Thread 0x0000000017db8000 Uncommon trap: reason=unstable_if action=reinterpret pc=0x000000000308c1bc method=java.lang.CharacterDataLatin1.isWhitespace(I)Z @ 14
Event: 101.197 Thread 0x0000000017db8000 Uncommon trap: reason=unstable_if action=reinterpret pc=0x000000000395d040 method=java.util.jar.JarFile.maybeInstantiateVerifier()V @ 4
Event: 101.201 Thread 0x0000000017db8000 Uncommon trap: reason=unstable_if action=reinterpret pc=0x000000000398de54 method=java.util.jar.JarFile.maybeInstantiateVerifier()V @ 4
Event: 101.201 Thread 0x0000000017db8000 Uncommon trap: reason=unstable_if action=reinterpret pc=0x00000000038f9e30 method=java.security.CodeSource.<init>(Ljava/net/URL;[Ljava/security/CodeSigner;)V @ 25
Event: 101.210 Thread 0x0000000017db8000 Uncommon trap: reason=unstable_if action=reinterpret pc=0x000000000346446c method=java.security.CodeSource.getCertificates()[Ljava/security/cert/Certificate; @ 22
Event: 101.210 Thread 0x0000000017db8000 Uncommon trap: reason=unstable_if action=reinterpret pc=0x00000000037844d8 method=java.util.jar.JarFile.maybeInstantiateVerifier()V @ 4
Event: 101.210 Thread 0x0000000017db8000 Uncommon trap: reason=unstable_if action=reinterpret pc=0x00000000038ee568 method=java.util.jar.JarFile.maybeInstantiateVerifier()V @ 4
Event: 101.211 Thread 0x0000000017db8000 Uncommon trap: reason=unstable_if action=reinterpret pc=0x00000000033c7770 method=java.util.jar.JarFile.maybeInstantiateVerifier()V @ 4
Event: 101.211 Thread 0x0000000017db8000 Uncommon trap: reason=unstable_if action=reinterpret pc=0x000000000397c944 method=java.security.CodeSource.matchCerts(Ljava/security/CodeSource;Z)Z @ 11

Classes redefined (0 events):
No events

Internal exceptions (10 events):
Event: 96.828 Thread 0x0000000017db8000 Exception <a 'java/lang/ClassNotFoundException': org/gradle/api/internal/AbstractTaskCustomizer> (0x00000000e1756ad8) thrown at [D:\src\AOSP-openjdk-cygwin\jdk8u\hotspot\src\share\vm\classfile\systemDictionary.cpp, line 210]
Event: 96.832 Thread 0x0000000017db8000 Exception <a 'java/lang/ClassNotFoundException': org/gradle/api/DefaultTaskCustomizer> (0x00000000e17df328) thrown at [D:\src\AOSP-openjdk-cygwin\jdk8u\hotspot\src\share\vm\classfile\systemDictionary.cpp, line 210]
Event: 96.833 Thread 0x0000000017db8000 Exception <a 'java/lang/ClassNotFoundException': org/gradle/api/internal/ConventionTaskCustomizer> (0x00000000e181da60) thrown at [D:\src\AOSP-openjdk-cygwin\jdk8u\hotspot\src\share\vm\classfile\systemDictionary.cpp, line 210]
Event: 96.835 Thread 0x0000000017db8000 Exception <a 'java/lang/ClassNotFoundException': org/gradle/api/tasks/DeleteCustomizer> (0x00000000e18596a8) thrown at [D:\src\AOSP-openjdk-cygwin\jdk8u\hotspot\src\share\vm\classfile\systemDictionary.cpp, line 210]
Event: 96.836 Thread 0x0000000017db8000 Exception <a 'java/lang/ClassNotFoundException': org/gradle/api/tasks/Delete_DecoratedCustomizer> (0x00000000e18a2600) thrown at [D:\src\AOSP-openjdk-cygwin\jdk8u\hotspot\src\share\vm\classfile\systemDictionary.cpp, line 210]
Event: 98.327 Thread 0x0000000017db8000 Exception <a 'java/lang/ClassNotFoundException': build_257d99iti6c518bzkfl1jxcutBeanInfo> (0x00000000e1793820) thrown at [D:\src\AOSP-openjdk-cygwin\jdk8u\hotspot\src\share\vm\classfile\systemDictionary.cpp, line 210]
Event: 98.328 Thread 0x0000000017db8000 Exception <a 'java/lang/ClassNotFoundException': build_257d99iti6c518bzkfl1jxcutCustomizer> (0x00000000e179f4b0) thrown at [D:\src\AOSP-openjdk-cygwin\jdk8u\hotspot\src\share\vm\classfile\systemDictionary.cpp, line 210]
Event: 98.728 Thread 0x0000000017db8000 Implicit null exception at 0x000000000398edaa to 0x0000000003996121
Event: 98.729 Thread 0x0000000017db8000 Implicit null exception at 0x00000000038dbb15 to 0x00000000038dbdfd
Event: 100.999 Thread 0x0000000017db8000 Implicit null exception at 0x00000000039ee2a8 to 0x00000000039ee3d9

Events (10 events):
Event: 101.235 Thread 0x0000000016909800 flushing nmethod 0x0000000003173510
Event: 101.235 Thread 0x0000000016909800 flushing nmethod 0x00000000031c8890
Event: 101.235 Thread 0x0000000016909800 flushing nmethod 0x00000000031d30d0
Event: 101.235 Thread 0x0000000016909800 flushing nmethod 0x00000000031eb8d0
Event: 101.236 Thread 0x0000000016909800 flushing nmethod 0x00000000031f2cd0
Event: 101.236 Thread 0x0000000016909800 flushing nmethod 0x00000000031f30d0
Event: 101.236 Thread 0x0000000016909800 flushing nmethod 0x00000000031f7650
Event: 101.236 Thread 0x0000000016909800 flushing nmethod 0x00000000031f79d0
Event: 101.236 Thread 0x0000000016909800 flushing nmethod 0x00000000031f8850
Event: 101.236 Thread 0x0000000016909800 flushing nmethod 0x00000000031f9510


Dynamic libraries:
0x00007ff7e27b0000 - 0x00007ff7e27e1000 	E:\AndroidStudio\jre\bin\java.exe
0x00007ffb787e0000 - 0x00007ffb789d0000 	C:\WINDOWS\SYSTEM32\ntdll.dll
0x00007ffb77f40000 - 0x00007ffb77ff2000 	C:\WINDOWS\System32\KERNEL32.DLL
0x00007ffb763c0000 - 0x00007ffb76663000 	C:\WINDOWS\System32\KERNELBASE.dll
0x00007ffb76940000 - 0x00007ffb769e3000 	C:\WINDOWS\System32\ADVAPI32.dll
0x00007ffb77ea0000 - 0x00007ffb77f3e000 	C:\WINDOWS\System32\msvcrt.dll
0x00007ffb77110000 - 0x00007ffb771a7000 	C:\WINDOWS\System32\sechost.dll
0x00007ffb77280000 - 0x00007ffb773a0000 	C:\WINDOWS\System32\RPCRT4.dll
0x00007ffb76e20000 - 0x00007ffb76fb3000 	C:\WINDOWS\System32\USER32.dll
0x00007ffb767c0000 - 0x00007ffb767e1000 	C:\WINDOWS\System32\win32u.dll
0x00007ffb76df0000 - 0x00007ffb76e16000 	C:\WINDOWS\System32\GDI32.dll
0x00007ffb75840000 - 0x00007ffb759d4000 	C:\WINDOWS\System32\gdi32full.dll
0x00007ffb767f0000 - 0x00007ffb7688e000 	C:\WINDOWS\System32\msvcp_win.dll
0x00007ffb762c0000 - 0x00007ffb763ba000 	C:\WINDOWS\System32\ucrtbase.dll
0x00007ffb68f90000 - 0x00007ffb69215000 	C:\WINDOWS\WinSxS\amd64_microsoft.windows.common-controls_6595b64144ccf1df_6.0.18362.329_none_e6c7b0c7130c72de\COMCTL32.dll
0x00007ffb779e0000 - 0x00007ffb77d16000 	C:\WINDOWS\System32\combase.dll
0x00007ffb75a10000 - 0x00007ffb75a90000 	C:\WINDOWS\System32\bcryptPrimitives.dll
0x00007ffb76c20000 - 0x00007ffb76c4e000 	C:\WINDOWS\System32\IMM32.DLL
0x0000000057420000 - 0x00000000574f2000 	E:\AndroidStudio\jre\jre\bin\msvcr100.dll
0x0000000057500000 - 0x0000000057d46000 	E:\AndroidStudio\jre\jre\bin\server\jvm.dll
0x00007ffb76c10000 - 0x00007ffb76c18000 	C:\WINDOWS\System32\PSAPI.DLL
0x00007ffb721a0000 - 0x00007ffb721c4000 	C:\WINDOWS\SYSTEM32\WINMM.dll
0x00007ffb63f30000 - 0x00007ffb63f3a000 	C:\WINDOWS\SYSTEM32\VERSION.dll
0x00007ffb72170000 - 0x00007ffb7219d000 	C:\WINDOWS\SYSTEM32\WINMMBASE.dll
0x00007ffb75790000 - 0x00007ffb757da000 	C:\WINDOWS\System32\cfgmgr32.dll
0x00007ffb6e410000 - 0x00007ffb6e419000 	C:\WINDOWS\SYSTEM32\WSOCK32.dll
0x0000000002930000 - 0x000000000299f000 	C:\WINDOWS\System32\WS2_32.dll
0x00007ffb6e0a0000 - 0x00007ffb6e0af000 	E:\AndroidStudio\jre\jre\bin\verify.dll
0x00007ffb6bcc0000 - 0x00007ffb6bce9000 	E:\AndroidStudio\jre\jre\bin\java.dll
0x00007ffb6d310000 - 0x00007ffb6d326000 	E:\AndroidStudio\jre\jre\bin\zip.dll
0x00007ffb78010000 - 0x00007ffb786f5000 	C:\WINDOWS\System32\SHELL32.dll
0x00007ffb76890000 - 0x00007ffb76939000 	C:\WINDOWS\System32\shcore.dll
0x00007ffb75b40000 - 0x00007ffb762be000 	C:\WINDOWS\System32\windows.storage.dll
0x00007ffb75730000 - 0x00007ffb7574f000 	C:\WINDOWS\System32\profapi.dll
0x00007ffb756e0000 - 0x00007ffb7572a000 	C:\WINDOWS\System32\powrprof.dll
0x00007ffb756b0000 - 0x00007ffb756c0000 	C:\WINDOWS\System32\UMPDC.dll
0x00007ffb77e40000 - 0x00007ffb77e92000 	C:\WINDOWS\System32\shlwapi.dll
0x00007ffb756c0000 - 0x00007ffb756d1000 	C:\WINDOWS\System32\kernel.appcore.dll
0x00007ffb75770000 - 0x00007ffb75787000 	C:\WINDOWS\System32\cryptsp.dll
0x00007ffb6bd80000 - 0x00007ffb6bd9a000 	E:\AndroidStudio\jre\jre\bin\net.dll
0x00007ffb74f20000 - 0x00007ffb74f87000 	C:\WINDOWS\system32\mswsock.dll
0x00007ffb693c0000 - 0x00007ffb693d1000 	E:\AndroidStudio\jre\jre\bin\nio.dll
0x00007ffb66510000 - 0x00007ffb66536000 	C:\Users\Administrator\.gradle\native\29\windows-amd64\native-platform.dll
0x00007ffb6e450000 - 0x00007ffb6e45d000 	E:\AndroidStudio\jre\jre\bin\management.dll
0x00007ffb74a90000 - 0x00007ffb74ac3000 	C:\WINDOWS\system32\rsaenh.dll
0x00007ffb759e0000 - 0x00007ffb75a06000 	C:\WINDOWS\System32\bcrypt.dll
0x00007ffb755d0000 - 0x00007ffb755f5000 	C:\WINDOWS\SYSTEM32\USERENV.dll
0x00007ffb750f0000 - 0x00007ffb750fc000 	C:\WINDOWS\SYSTEM32\CRYPTBASE.dll
0x00007ffb74c30000 - 0x00007ffb74c6a000 	C:\WINDOWS\SYSTEM32\IPHLPAPI.DLL
0x00007ffb78000000 - 0x00007ffb78008000 	C:\WINDOWS\System32\NSI.dll
0x00007ffb69540000 - 0x00007ffb69556000 	C:\WINDOWS\SYSTEM32\dhcpcsvc6.DLL
0x00007ffb6a790000 - 0x00007ffb6a7ac000 	C:\WINDOWS\SYSTEM32\dhcpcsvc.DLL
0x00007ffb74c70000 - 0x00007ffb74d3a000 	C:\WINDOWS\SYSTEM32\DNSAPI.dll

VM Arguments:
jvm_args: -Xmx1536m -Dfile.encoding=GBK -Duser.country=CN -Duser.language=zh -Duser.variant 
java_command: org.gradle.launcher.daemon.bootstrap.GradleDaemon 5.4.1
java_class_path (initial): C:\Users\Administrator\.gradle\wrapper\dists\gradle-5.4.1-all\3221gyojl5jsh0helicew7rwx\gradle-5.4.1\lib\gradle-launcher-5.4.1.jar
Launcher Type: SUN_STANDARD

Environment Variables:
JAVA_HOME=C:\Program Files\Java\jdk1.8.0_121
CLASSPATH=.;C:\Program Files\Java\jdk1.8.0_121\lib\dt.jar;C:\Program Files\Java\jdk1.8.0_121\lib\tools.jar
PATH=C:\Program Files\Java\jdk1.8.0_121\bin;C:\Program Files\Java\jdk1.8.0_121\jre\bin;C:\ProgramData\Oracle\Java\javapath;C:\WINDOWS\system32;C:\WINDOWS;C:\WINDOWS\System32\Wbem;C:\WINDOWS\System32\WindowsPowerShell\v1.0\;C:\WINDOWS\System32\OpenSSH\;E:\AndroidStudioSDK\platform-tools;C:\Program Files\Common Files\Autodesk Shared\;C:\Program Files (x86)\Autodesk\Backburner\;E:\Python3.7.4\Scripts;E:\Python3.7.4;E:\AndroidStudioSDK\ndk-bundle;C:\src\flutter\bin;C:\Program Files\Microsoft SQL Server\130\Tools\Binn\;E:\KillApkTools\Git\bin;E:\Python3.7.4\Scripts\;E:\Python3.7.4\;C:\Users\Administrator\AppData\Local\Microsoft\WindowsApps;;E:\KillApkTools\Fiddler;C:\Users\Administrator\AppData\Local\Microsoft\WindowsApps;E:\Program Files\Microsoft VS Code\bin
USERNAME=Administrator
OS=Windows_NT
PROCESSOR_IDENTIFIER=Intel64 Family 6 Model 58 Stepping 9, GenuineIntel



---------------  S Y S T E M  ---------------

OS: Windows 10.0 , 64 bit Build 18362 (10.0.18362.329)

CPU:total 4 (initial active 4) (2 cores per cpu, 2 threads per core) family 6 model 58 stepping 9, cmov, cx8, fxsr, mmx, sse, sse2, sse3, ssse3, sse4.1, sse4.2, popcnt, avx, aes, clmul, erms, ht, tsc, tscinvbit, tscinv

Memory: 4k page, physical 8078228k(240352k free), swap 18484076k(5148k free)

vm_info: OpenJDK 64-Bit Server VM (25.202-b03) for windows-amd64 JRE (1.8.0_202-release-1483-b03), built by "builder" with MS VC++ 10.0 (VS2010)

time: Mon Apr 13 16:38:30 2020
timezone: 中国标准时间
elapsed time: 101 seconds (0d 0h 1m 41s)

