#
# There is insufficient memory for the Java Runtime Environment to continue.
# Native memory allocation (malloc) failed to allocate 2816336 bytes for Chunk::new
# Possible reasons:
#   The system is out of physical RAM or swap space
#   The process is running with CompressedOops enabled, and the Java Heap may be blocking the growth of the native heap
# Possible solutions:
#   Reduce memory load on the system
#   Increase physical memory or swap space
#   Check if swap backing store is full
#   Decrease Java heap size (-Xmx/-Xms)
#   Decrease number of Java threads
#   Decrease Java thread stack sizes (-Xss)
#   Set larger code cache with -XX:ReservedCodeCacheSize=
#   JVM is running with Zero Based Compressed Oops mode in which the Java heap is
#     placed in the first 32GB address space. The Java Heap base address is the
#     maximum limit for the native heap growth. Please use -XX:HeapBaseMinAddress
#     to set the Java Heap base and to place the Java Heap above 32GB virtual address.
# This output file may be truncated or incomplete.
#
#  Out of Memory Error (allocation.cpp:389), pid=320032, tid=0x00000000000505fc
#
# JRE version: OpenJDK Runtime Environment (8.0_202-b03) (build 1.8.0_202-release-1483-b03)
# Java VM: OpenJDK 64-Bit Server VM (25.202-b03 mixed mode windows-amd64 compressed oops)
# Failed to write core dump. Minidumps are not enabled by default on client versions of Windows
#

---------------  T H R E A D  ---------------

Current thread (0x000000001a2dd800):  JavaThread "C2 CompilerThread1" daemon [_thread_in_native, id=329212, stack(0x000000001a9d0000,0x000000001aad0000)]

Stack: [0x000000001a9d0000,0x000000001aad0000]
[error occurred during error reporting (printing stack bounds), id 0xc0000005]

Native frames: (J=compiled Java code, j=interpreted, Vv=VM code, C=native code)


Current CompileTask:
C2:  42136 5116       4       java.net.URLClassLoader$1::run (5 bytes)


---------------  P R O C E S S  ---------------

Java Threads: ( => current thread )
  0x000000001baf8800 JavaThread "Cache worker for Build Output Cleanup Cache (E:\myhomeproject\--master\.gradle\buildOutputCleanup)" [_thread_blocked, id=328948, stack(0x0000000024de0000,0x0000000024ee0000)]
  0x000000001baf2800 JavaThread "Build operations Thread 4" [_thread_blocked, id=325316, stack(0x00000000244e0000,0x00000000245e0000)]
  0x000000001baf0800 JavaThread "Build operations Thread 3" [_thread_blocked, id=325636, stack(0x00000000243e0000,0x00000000244e0000)]
  0x000000001baf4000 JavaThread "Build operations Thread 2" [_thread_blocked, id=329720, stack(0x0000000023250000,0x0000000023350000)]
  0x000000001baf5000 JavaThread "Build operations" [_thread_blocked, id=322736, stack(0x0000000022110000,0x0000000022210000)]
  0x000000001baf6800 JavaThread "Cache worker for execution history cache (C:\Users\Administrator\.gradle\caches\5.4.1\executionHistory)" [_thread_blocked, id=328624, stack(0x0000000021810000,0x0000000021910000)]
  0x000000001b428800 JavaThread "Cache worker for cache directory md-rule (C:\Users\Administrator\.gradle\caches\5.4.1\md-rule)" [_thread_blocked, id=327776, stack(0x0000000021710000,0x0000000021810000)]
  0x000000001b428000 JavaThread "Cache worker for cache directory md-supplier (C:\Users\Administrator\.gradle\caches\5.4.1\md-supplier)" [_thread_blocked, id=328648, stack(0x0000000020d50000,0x0000000020e50000)]
  0x000000001b42b000 JavaThread "Cache worker for file hash cache (E:\myhomeproject\--master\.gradle\5.4.1\fileHashes)" [_thread_blocked, id=314604, stack(0x000000001fc80000,0x000000001fd80000)]
  0x000000001b429800 JavaThread "Cache worker for journal cache (C:\Users\Administrator\.gradle\caches\journal-1)" [_thread_blocked, id=328956, stack(0x000000001e820000,0x000000001e920000)]
  0x000000001b42c800 JavaThread "File lock request listener" [_thread_in_native, id=329644, stack(0x000000001e720000,0x000000001e820000)]
  0x000000001b427000 JavaThread "Cache worker for file hash cache (C:\Users\Administrator\.gradle\caches\5.4.1\fileHashes)" [_thread_blocked, id=329132, stack(0x000000001e620000,0x000000001e720000)]
  0x000000001c5a7000 JavaThread "Thread-9" [_thread_blocked, id=318164, stack(0x000000001e320000,0x000000001e420000)]
  0x000000001baef800 JavaThread "Stdin handler" [_thread_blocked, id=327476, stack(0x000000001e220000,0x000000001e320000)]
  0x000000001baec800 JavaThread "Asynchronous log dispatcher for DefaultDaemonConnection: socket connection from /127.0.0.1:63068 to /127.0.0.1:63069" [_thread_blocked, id=328852, stack(0x000000001e120000,0x000000001e220000)]
  0x000000001a4e6800 JavaThread "Daemon worker" [_thread_in_vm, id=327816, stack(0x000000001e020000,0x000000001e120000)]
  0x000000001b1e7000 JavaThread "Cancel handler" [_thread_blocked, id=328148, stack(0x000000001df20000,0x000000001e020000)]
  0x000000001a343000 JavaThread "Handler for socket connection from /127.0.0.1:63068 to /127.0.0.1:63069" [_thread_in_native, id=325412, stack(0x000000001dc20000,0x000000001dd20000)]
  0x000000001b9aa800 JavaThread "Daemon" [_thread_blocked, id=323136, stack(0x000000001db20000,0x000000001dc20000)]
  0x000000001b33f000 JavaThread "Daemon periodic checks" [_thread_blocked, id=328136, stack(0x000000001da20000,0x000000001db20000)]
  0x000000001bbdb800 JavaThread "Incoming local TCP Connector on port 63068" [_thread_in_native, id=329224, stack(0x000000001d870000,0x000000001d970000)]
  0x000000001ba25800 JavaThread "Daemon health stats" [_thread_blocked, id=327668, stack(0x000000001d570000,0x000000001d670000)]
  0x000000001a354000 JavaThread "Service Thread" daemon [_thread_blocked, id=329308, stack(0x000000001abd0000,0x000000001acd0000)]
  0x000000001a2f1000 JavaThread "C1 CompilerThread2" daemon [_thread_blocked, id=329312, stack(0x000000001aad0000,0x000000001abd0000)]
=>0x000000001a2dd800 JavaThread "C2 CompilerThread1" daemon [_thread_in_native, id=329212, stack(0x000000001a9d0000,0x000000001aad0000)]
  0x000000001a2db000 JavaThread "C2 CompilerThread0" daemon [_thread_in_native, id=328868, stack(0x000000001a8d0000,0x000000001a9d0000)]
  0x0000000018f8f000 JavaThread "Attach Listener" daemon [_thread_blocked, id=328128, stack(0x000000001a7d0000,0x000000001a8d0000)]
  0x000000001a2d8800 JavaThread "Signal Dispatcher" daemon [_thread_blocked, id=327396, stack(0x000000001a6d0000,0x000000001a7d0000)]
  0x000000000318a000 JavaThread "Finalizer" daemon [_thread_blocked, id=329032, stack(0x000000001a1d0000,0x000000001a2d0000)]
  0x0000000003181000 JavaThread "Reference Handler" daemon [_thread_blocked, id=328560, stack(0x000000001a0d0000,0x000000001a1d0000)]
  0x0000000002f8e000 JavaThread "main" [_thread_blocked, id=221576, stack(0x0000000002f90000,0x0000000003090000)]

Other Threads:
  0x0000000018f46800 VMThread [stack: 0x0000000019fd0000,0x000000001a0d0000] [id=305776]
  0x000000001a354800 WatcherThread [stack: 0x000000001acd0000,0x000000001add0000] [id=329072]

VM state:not at safepoint (normal execution)

VM Mutex/Monitor currently owned by a thread: None

heap address: 0x0000000721800000, size: 2536 MB, Compressed Oops mode: Zero based, Oop shift amount: 3
Narrow klass base: 0x0000000000000000, Narrow klass shift: 3
Compressed class space size: 1073741824 Address: 0x00000007c0000000

Heap:
 PSYoungGen      total 160768K, used 63527K [0x000000078b300000, 0x0000000798580000, 0x00000007c0000000)
  eden space 146432K, 33% used [0x000000078b300000,0x000000078e30f5e0,0x0000000794200000)
  from space 14336K, 99% used [0x0000000794200000,0x0000000794ffa7c0,0x0000000795000000)
  to   space 19456K, 0% used [0x0000000797280000,0x0000000797280000,0x0000000798580000)
 ParOldGen       total 80896K, used 29822K [0x0000000721800000, 0x0000000726700000, 0x000000078b300000)
  object space 80896K, 36% used [0x0000000721800000,0x000000072351f840,0x0000000726700000)
 Metaspace       used 54160K, capacity 56224K, committed 56360K, reserved 1097728K
  class space    used 7370K, capacity 7859K, committed 7976K, reserved 1048576K

Card table byte_map: [0x0000000012550000,0x0000000012a50000] byte_map_base: 0x000000000ec44000

Marking Bits: (ParMarkBitMap*) 0x0000000057cc9f30
 Begin Bits: [0x00000000131a0000, 0x0000000015940000)
 End Bits:   [0x0000000015940000, 0x00000000180e0000)

Polling page: 0x0000000000bf0000

CodeCache: size=245760Kb used=16260Kb max_used=17150Kb free=229500Kb
 bounds [0x0000000003190000, 0x0000000004270000, 0x0000000012190000]
 total_blobs=5432 nmethods=4648 adapters=696
 compilation: enabled

Compilation events (10 events):
Event: 41.977 Thread 0x000000001a2f1000 5250       3       java.lang.Class::checkPackageAccess (94 bytes)
Event: 41.979 Thread 0x000000001a2f1000 nmethod 5250 0x0000000003b30290 code [0x0000000003b305c0, 0x0000000003b31e38]
Event: 41.995 Thread 0x000000001a2f1000 5252       3       org.codehaus.groovy.reflection.CachedClass$3::initValue (235 bytes)
Event: 41.999 Thread 0x000000001a2f1000 nmethod 5252 0x00000000033f42d0 code [0x00000000033f46c0, 0x00000000033f6e98]
Event: 42.009 Thread 0x000000001a2f1000 5253       3       com.sun.beans.WildcardTypeImpl::<init> (15 bytes)
Event: 42.009 Thread 0x000000001a2f1000 nmethod 5253 0x00000000036a5810 code [0x00000000036a5960, 0x00000000036a5b50]
Event: 42.022 Thread 0x000000001a2f1000 5254       3       java.beans.Introspector::addPropertyDescriptors (37 bytes)
Event: 42.023 Thread 0x000000001a2f1000 nmethod 5254 0x0000000003c8b6d0 code [0x0000000003c8b840, 0x0000000003c8bae8]
Event: 42.026 Thread 0x000000001a2f1000 5256       3       groovyjarjarasm.asm.ByteVector::putByteArray (49 bytes)
Event: 42.027 Thread 0x000000001a2f1000 nmethod 5256 0x0000000003726ed0 code [0x0000000003727040, 0x0000000003727378]

GC Heap History (10 events):
Event: 30.455 GC heap before
{Heap before GC invocations=9 (full 1):
 PSYoungGen      total 73728K, used 70302K [0x000000078b300000, 0x0000000793100000, 0x00000007c0000000)
  eden space 62976K, 100% used [0x000000078b300000,0x000000078f080000,0x000000078f080000)
  from space 10752K, 68% used [0x000000078f080000,0x000000078f7a7b08,0x000000078fb00000)
  to   space 10752K, 0% used [0x0000000792680000,0x0000000792680000,0x0000000793100000)
 ParOldGen       total 54272K, used 9530K [0x0000000721800000, 0x0000000724d00000, 0x000000078b300000)
  object space 54272K, 17% used [0x0000000721800000,0x000000072214e910,0x0000000724d00000)
 Metaspace       used 31791K, capacity 32392K, committed 32640K, reserved 1077248K
  class space    used 4430K, capacity 4629K, committed 4736K, reserved 1048576K
Event: 30.492 GC heap after
Heap after GC invocations=9 (full 1):
 PSYoungGen      total 116224K, used 9534K [0x000000078b300000, 0x0000000793080000, 0x00000007c0000000)
  eden space 105984K, 0% used [0x000000078b300000,0x000000078b300000,0x0000000791a80000)
  from space 10240K, 93% used [0x0000000792680000,0x0000000792fcfa10,0x0000000793080000)
  to   space 11264K, 0% used [0x0000000791a80000,0x0000000791a80000,0x0000000792580000)
 ParOldGen       total 54272K, used 9538K [0x0000000721800000, 0x0000000724d00000, 0x000000078b300000)
  object space 54272K, 17% used [0x0000000721800000,0x0000000722150910,0x0000000724d00000)
 Metaspace       used 31791K, capacity 32392K, committed 32640K, reserved 1077248K
  class space    used 4430K, capacity 4629K, committed 4736K, reserved 1048576K
}
Event: 32.106 GC heap before
{Heap before GC invocations=10 (full 1):
 PSYoungGen      total 116224K, used 58215K [0x000000078b300000, 0x0000000793080000, 0x00000007c0000000)
  eden space 105984K, 45% used [0x000000078b300000,0x000000078e28a410,0x0000000791a80000)
  from space 10240K, 93% used [0x0000000792680000,0x0000000792fcfa10,0x0000000793080000)
  to   space 11264K, 0% used [0x0000000791a80000,0x0000000791a80000,0x0000000792580000)
 ParOldGen       total 54272K, used 9538K [0x0000000721800000, 0x0000000724d00000, 0x000000078b300000)
  object space 54272K, 17% used [0x0000000721800000,0x0000000722150910,0x0000000724d00000)
 Metaspace       used 34436K, capacity 35464K, committed 35496K, reserved 1079296K
  class space    used 4751K, capacity 5018K, committed 5032K, reserved 1048576K
Event: 32.139 GC heap after
Heap after GC invocations=10 (full 1):
 PSYoungGen      total 117248K, used 10247K [0x000000078b300000, 0x0000000795e00000, 0x00000007c0000000)
  eden space 105984K, 0% used [0x000000078b300000,0x000000078b300000,0x0000000791a80000)
  from space 11264K, 90% used [0x0000000791a80000,0x0000000792481ff0,0x0000000792580000)
  to   space 12288K, 0% used [0x0000000795200000,0x0000000795200000,0x0000000795e00000)
 ParOldGen       total 54272K, used 9546K [0x0000000721800000, 0x0000000724d00000, 0x000000078b300000)
  object space 54272K, 17% used [0x0000000721800000,0x0000000722152910,0x0000000724d00000)
 Metaspace       used 34436K, capacity 35464K, committed 35496K, reserved 1079296K
  class space    used 4751K, capacity 5018K, committed 5032K, reserved 1048576K
}
Event: 32.139 GC heap before
{Heap before GC invocations=11 (full 2):
 PSYoungGen      total 117248K, used 10247K [0x000000078b300000, 0x0000000795e00000, 0x00000007c0000000)
  eden space 105984K, 0% used [0x000000078b300000,0x000000078b300000,0x0000000791a80000)
  from space 11264K, 90% used [0x0000000791a80000,0x0000000792481ff0,0x0000000792580000)
  to   space 12288K, 0% used [0x0000000795200000,0x0000000795200000,0x0000000795e00000)
 ParOldGen       total 54272K, used 9546K [0x0000000721800000, 0x0000000724d00000, 0x000000078b300000)
  object space 54272K, 17% used [0x0000000721800000,0x0000000722152910,0x0000000724d00000)
 Metaspace       used 34436K, capacity 35464K, committed 35496K, reserved 1079296K
  class space    used 4751K, capacity 5018K, committed 5032K, reserved 1048576K
Event: 32.309 GC heap after
Heap after GC invocations=11 (full 2):
 PSYoungGen      total 117248K, used 0K [0x000000078b300000, 0x0000000795e00000, 0x00000007c0000000)
  eden space 105984K, 0% used [0x000000078b300000,0x000000078b300000,0x0000000791a80000)
  from space 11264K, 0% used [0x0000000791a80000,0x0000000791a80000,0x0000000792580000)
  to   space 12288K, 0% used [0x0000000795200000,0x0000000795200000,0x0000000795e00000)
 ParOldGen       total 80896K, used 17609K [0x0000000721800000, 0x0000000726700000, 0x000000078b300000)
  object space 80896K, 21% used [0x0000000721800000,0x0000000722932508,0x0000000726700000)
 Metaspace       used 34436K, capacity 35464K, committed 35496K, reserved 1079296K
  class space    used 4751K, capacity 5018K, committed 5032K, reserved 1048576K
}
Event: 36.346 GC heap before
{Heap before GC invocations=12 (full 2):
 PSYoungGen      total 117248K, used 105984K [0x000000078b300000, 0x0000000795e00000, 0x00000007c0000000)
  eden space 105984K, 100% used [0x000000078b300000,0x0000000791a80000,0x0000000791a80000)
  from space 11264K, 0% used [0x0000000791a80000,0x0000000791a80000,0x0000000792580000)
  to   space 12288K, 0% used [0x0000000795200000,0x0000000795200000,0x0000000795e00000)
 ParOldGen       total 80896K, used 17609K [0x0000000721800000, 0x0000000726700000, 0x000000078b300000)
  object space 80896K, 21% used [0x0000000721800000,0x0000000722932508,0x0000000726700000)
 Metaspace       used 44100K, capacity 45470K, committed 45864K, reserved 1089536K
  class space    used 5969K, capacity 6318K, committed 6440K, reserved 1048576K
Event: 36.387 GC heap after
Heap after GC invocations=12 (full 2):
 PSYoungGen      total 150528K, used 12273K [0x000000078b300000, 0x0000000795e00000, 0x00000007c0000000)
  eden space 138240K, 0% used [0x000000078b300000,0x000000078b300000,0x0000000793a00000)
  from space 12288K, 99% used [0x0000000795200000,0x0000000795dfc498,0x0000000795e00000)
  to   space 14336K, 0% used [0x0000000794200000,0x0000000794200000,0x0000000795000000)
 ParOldGen       total 80896K, used 19486K [0x0000000721800000, 0x0000000726700000, 0x000000078b300000)
  object space 80896K, 24% used [0x0000000721800000,0x0000000722b07ba0,0x0000000726700000)
 Metaspace       used 44100K, capacity 45470K, committed 45864K, reserved 1089536K
  class space    used 5969K, capacity 6318K, committed 6440K, reserved 1048576K
}
Event: 40.998 GC heap before
{Heap before GC invocations=13 (full 2):
 PSYoungGen      total 150528K, used 150513K [0x000000078b300000, 0x0000000795e00000, 0x00000007c0000000)
  eden space 138240K, 100% used [0x000000078b300000,0x0000000793a00000,0x0000000793a00000)
  from space 12288K, 99% used [0x0000000795200000,0x0000000795dfc498,0x0000000795e00000)
  to   space 14336K, 0% used [0x0000000794200000,0x0000000794200000,0x0000000795000000)
 ParOldGen       total 80896K, used 19486K [0x0000000721800000, 0x0000000726700000, 0x000000078b300000)
  object space 80896K, 24% used [0x0000000721800000,0x0000000722b07ba0,0x0000000726700000)
 Metaspace       used 51499K, capacity 53422K, committed 53544K, reserved 1095680K
  class space    used 6942K, capacity 7418K, committed 7464K, reserved 1048576K
Event: 41.034 GC heap after
Heap after GC invocations=13 (full 2):
 PSYoungGen      total 160768K, used 14313K [0x000000078b300000, 0x0000000798580000, 0x00000007c0000000)
  eden space 146432K, 0% used [0x000000078b300000,0x000000078b300000,0x0000000794200000)
  from space 14336K, 99% used [0x0000000794200000,0x0000000794ffa7c0,0x0000000795000000)
  to   space 19456K, 0% used [0x0000000797280000,0x0000000797280000,0x0000000798580000)
 ParOldGen       total 80896K, used 29822K [0x0000000721800000, 0x0000000726700000, 0x000000078b300000)
  object space 80896K, 36% used [0x0000000721800000,0x000000072351f840,0x0000000726700000)
 Metaspace       used 51499K, capacity 53422K, committed 53544K, reserved 1095680K
  class space    used 6942K, capacity 7418K, committed 7464K, reserved 1048576K
}

Deoptimization events (10 events):
Event: 38.296 Thread 0x000000001a4e6800 Uncommon trap: reason=unstable_if action=reinterpret pc=0x0000000003fb4108 method=org.codehaus.groovy.runtime.metaclass.MetaMethodIndex.isNonRealMethod(Lgroovy/lang/MetaMethod;)Z @ 4
Event: 38.363 Thread 0x000000001a4e6800 Uncommon trap: reason=class_check action=maybe_recompile pc=0x0000000003717b34 method=java.util.concurrent.ConcurrentHashMap.putVal(Ljava/lang/Object;Ljava/lang/Object;Z)Ljava/lang/Object; @ 192
Event: 39.946 Thread 0x000000001a4e6800 Uncommon trap: reason=unstable_if action=reinterpret pc=0x00000000035f48c4 method=sun.nio.cs.ext.DoubleByte$Encoder.encodeArrayLoop(Ljava/nio/CharBuffer;Ljava/nio/ByteBuffer;)Ljava/nio/charset/CoderResult; @ 218
Event: 39.947 Thread 0x000000001a4e6800 Uncommon trap: reason=unstable_if action=reinterpret pc=0x00000000035f1dc8 method=org.gradle.internal.logging.text.AbstractLineChoppingStyledTextOutput$2.execute(Lorg/gradle/internal/logging/text/AbstractLineChoppingStyledTextOutput$StateContext;)V @ 30
Event: 39.951 Thread 0x000000001a4e6800 Uncommon trap: reason=unstable_if action=reinterpret pc=0x00000000035c1558 method=org.gradle.internal.logging.text.AbstractLineChoppingStyledTextOutput$2.execute(Lorg/gradle/internal/logging/text/AbstractLineChoppingStyledTextOutput$StateContext;)V @ 30
Event: 39.961 Thread 0x000000001baec800 Uncommon trap: reason=unstable_if action=reinterpret pc=0x0000000003d0cecc method=com.esotericsoftware.kryo.io.Output.writeString(Ljava/lang/CharSequence;)V @ 83
Event: 40.203 Thread 0x000000001a4e6800 Uncommon trap: reason=unstable_if action=reinterpret pc=0x0000000003ecb5b0 method=org.gradle.internal.instantiation.AbstractClassGenerator$InjectionAnnotationValidator.validateMethod(Ljava/lang/reflect/Method;Lorg/gradle/internal/reflect/PropertyAccessorT
Event: 40.669 Thread 0x000000001a4e6800 Uncommon trap: reason=unstable_if action=reinterpret pc=0x00000000032a7524 method=java.lang.String.lastIndexOf([CII[CIII)I @ 17
Event: 40.919 Thread 0x000000001a4e6800 Uncommon trap: reason=unstable_if action=reinterpret pc=0x000000000421c54c method=kotlin.reflect.jvm.internal.impl.protobuf.CodedInputStream.readRawVarint32()I @ 10
Event: 41.826 Thread 0x000000001a4e6800 Uncommon trap: reason=unstable_if action=reinterpret pc=0x0000000003b1bc68 method=java.io.WinNTFileSystem.normalize(Ljava/lang/String;)Ljava/lang/String; @ 74

Classes redefined (0 events):
No events

Internal exceptions (10 events):
Event: 42.003 Thread 0x000000001a4e6800 Exception <a 'java/lang/ClassNotFoundException': com/android/build/gradle/tasks/ProcessApplicationManifest_DecoratedBeanInfo> (0x000000078da0da88) thrown at [D:\src\AOSP-openjdk-cygwin\jdk8u\hotspot\src\share\vm\classfile\systemDictionary.cpp, line 210]
Event: 42.003 Thread 0x000000001a4e6800 Exception <a 'java/lang/ClassNotFoundException': com/android/build/gradle/tasks/ProcessApplicationManifestBeanInfo> (0x000000078da2a168) thrown at [D:\src\AOSP-openjdk-cygwin\jdk8u\hotspot\src\share\vm\classfile\systemDictionary.cpp, line 210]
Event: 42.004 Thread 0x000000001a4e6800 Exception <a 'java/lang/ClassNotFoundException': com/android/build/gradle/tasks/ManifestProcessorTaskBeanInfo> (0x000000078da45928) thrown at [D:\src\AOSP-openjdk-cygwin\jdk8u\hotspot\src\share\vm\classfile\systemDictionary.cpp, line 210]
Event: 42.005 Thread 0x000000001a4e6800 Exception <a 'java/lang/ClassNotFoundException': com/android/build/gradle/internal/tasks/IncrementalTaskBeanInfo> (0x000000078da61c38) thrown at [D:\src\AOSP-openjdk-cygwin\jdk8u\hotspot\src\share\vm\classfile\systemDictionary.cpp, line 210]
Event: 42.006 Thread 0x000000001a4e6800 Exception <a 'java/lang/ClassNotFoundException': com/android/build/gradle/internal/tasks/AndroidVariantTaskBeanInfo> (0x000000078da7e520) thrown at [D:\src\AOSP-openjdk-cygwin\jdk8u\hotspot\src\share\vm\classfile\systemDictionary.cpp, line 210]
Event: 42.007 Thread 0x000000001a4e6800 Exception <a 'java/lang/ClassNotFoundException': com/android/build/gradle/internal/tasks/AndroidVariantTaskCustomizer> (0x000000078da9bd58) thrown at [D:\src\AOSP-openjdk-cygwin\jdk8u\hotspot\src\share\vm\classfile\systemDictionary.cpp, line 210]
Event: 42.008 Thread 0x000000001a4e6800 Exception <a 'java/lang/ClassNotFoundException': com/android/build/gradle/internal/tasks/IncrementalTaskCustomizer> (0x000000078dac8ce0) thrown at [D:\src\AOSP-openjdk-cygwin\jdk8u\hotspot\src\share\vm\classfile\systemDictionary.cpp, line 210]
Event: 42.010 Thread 0x000000001a4e6800 Exception <a 'java/lang/ClassNotFoundException': com/android/build/gradle/tasks/ManifestProcessorTaskCustomizer> (0x000000078daf6a88) thrown at [D:\src\AOSP-openjdk-cygwin\jdk8u\hotspot\src\share\vm\classfile\systemDictionary.cpp, line 210]
Event: 42.011 Thread 0x000000001a4e6800 Exception <a 'java/lang/ClassNotFoundException': com/android/build/gradle/tasks/ProcessApplicationManifestCustomizer> (0x000000078db2d948) thrown at [D:\src\AOSP-openjdk-cygwin\jdk8u\hotspot\src\share\vm\classfile\systemDictionary.cpp, line 210]
Event: 42.022 Thread 0x000000001a4e6800 Exception <a 'java/lang/ClassNotFoundException': com/android/build/gradle/tasks/ProcessApplicationManifest_DecoratedCustomizer> (0x000000078db81430) thrown at [D:\src\AOSP-openjdk-cygwin\jdk8u\hotspot\src\share\vm\classfile\systemDictionary.cpp, line 210]

Events (10 events):
Event: 42.127 loading class org/gradle/tooling/internal/protocol/ProjectVersion3
Event: 42.127 loading class org/gradle/tooling/internal/protocol/ProjectVersion3 done
Event: 42.128 loading class org/gradle/tooling/model/idea/IdeaProject
Event: 42.128 loading class org/gradle/tooling/model/idea/IdeaProject done
Event: 42.128 loading class org/gradle/tooling/internal/protocol/InternalIdeaProject
Event: 42.128 loading class org/gradle/tooling/internal/protocol/InternalIdeaProject done
Event: 42.128 loading class org/gradle/tooling/internal/protocol/InternalIdeaProject
Event: 42.128 loading class org/gradle/tooling/internal/protocol/InternalIdeaProject done
Event: 42.129 loading class org/gradle/tooling/internal/protocol/InternalProtocolInterface
Event: 42.129 loading class org/gradle/tooling/internal/protocol/InternalProtocolInterface done


Dynamic libraries:
0x00007ff7e27b0000 - 0x00007ff7e27e1000 	E:\AndroidStudio\jre\bin\java.exe
0x00007ffb787e0000 - 0x00007ffb789d0000 	C:\WINDOWS\SYSTEM32\ntdll.dll
0x00007ffb77f40000 - 0x00007ffb77ff2000 	C:\WINDOWS\System32\KERNEL32.DLL
0x00007ffb763c0000 - 0x00007ffb76663000 	C:\WINDOWS\System32\KERNELBASE.dll
0x00007ffb76940000 - 0x00007ffb769e3000 	C:\WINDOWS\System32\ADVAPI32.dll
0x00007ffb77ea0000 - 0x00007ffb77f3e000 	C:\WINDOWS\System32\msvcrt.dll
0x00007ffb77110000 - 0x00007ffb771a7000 	C:\WINDOWS\System32\sechost.dll
0x00007ffb77280000 - 0x00007ffb773a0000 	C:\WINDOWS\System32\RPCRT4.dll
0x00007ffb76e20000 - 0x00007ffb76fb3000 	C:\WINDOWS\System32\USER32.dll
0x00007ffb767c0000 - 0x00007ffb767e1000 	C:\WINDOWS\System32\win32u.dll
0x00007ffb76df0000 - 0x00007ffb76e16000 	C:\WINDOWS\System32\GDI32.dll
0x00007ffb75840000 - 0x00007ffb759d4000 	C:\WINDOWS\System32\gdi32full.dll
0x00007ffb767f0000 - 0x00007ffb7688e000 	C:\WINDOWS\System32\msvcp_win.dll
0x00007ffb762c0000 - 0x00007ffb763ba000 	C:\WINDOWS\System32\ucrtbase.dll
0x00007ffb68f90000 - 0x00007ffb69215000 	C:\WINDOWS\WinSxS\amd64_microsoft.windows.common-controls_6595b64144ccf1df_6.0.18362.329_none_e6c7b0c7130c72de\COMCTL32.dll
0x00007ffb779e0000 - 0x00007ffb77d16000 	C:\WINDOWS\System32\combase.dll
0x00007ffb75a10000 - 0x00007ffb75a90000 	C:\WINDOWS\System32\bcryptPrimitives.dll
0x00007ffb76c20000 - 0x00007ffb76c4e000 	C:\WINDOWS\System32\IMM32.DLL
0x0000000057420000 - 0x00000000574f2000 	E:\AndroidStudio\jre\jre\bin\msvcr100.dll
0x0000000057500000 - 0x0000000057d46000 	E:\AndroidStudio\jre\jre\bin\server\jvm.dll
0x00007ffb76c10000 - 0x00007ffb76c18000 	C:\WINDOWS\System32\PSAPI.DLL
0x00007ffb721a0000 - 0x00007ffb721c4000 	C:\WINDOWS\SYSTEM32\WINMM.dll
0x00007ffb63f30000 - 0x00007ffb63f3a000 	C:\WINDOWS\SYSTEM32\VERSION.dll
0x00007ffb72170000 - 0x00007ffb7219d000 	C:\WINDOWS\SYSTEM32\WINMMBASE.dll
0x00007ffb75790000 - 0x00007ffb757da000 	C:\WINDOWS\System32\cfgmgr32.dll
0x00007ffb6e410000 - 0x00007ffb6e419000 	C:\WINDOWS\SYSTEM32\WSOCK32.dll
0x00007ffb77d20000 - 0x00007ffb77d8f000 	C:\WINDOWS\System32\WS2_32.dll
0x00007ffb6e0a0000 - 0x00007ffb6e0af000 	E:\AndroidStudio\jre\jre\bin\verify.dll
0x00007ffb6bcc0000 - 0x00007ffb6bce9000 	E:\AndroidStudio\jre\jre\bin\java.dll
0x00007ffb6d310000 - 0x00007ffb6d326000 	E:\AndroidStudio\jre\jre\bin\zip.dll
0x00007ffb78010000 - 0x00007ffb786f5000 	C:\WINDOWS\System32\SHELL32.dll
0x00007ffb76890000 - 0x00007ffb76939000 	C:\WINDOWS\System32\shcore.dll
0x00007ffb75b40000 - 0x00007ffb762be000 	C:\WINDOWS\System32\windows.storage.dll
0x00007ffb75730000 - 0x00007ffb7574f000 	C:\WINDOWS\System32\profapi.dll
0x00007ffb756e0000 - 0x00007ffb7572a000 	C:\WINDOWS\System32\powrprof.dll
0x00007ffb756b0000 - 0x00007ffb756c0000 	C:\WINDOWS\System32\UMPDC.dll
0x00007ffb77e40000 - 0x00007ffb77e92000 	C:\WINDOWS\System32\shlwapi.dll
0x00007ffb756c0000 - 0x00007ffb756d1000 	C:\WINDOWS\System32\kernel.appcore.dll
0x00007ffb75770000 - 0x00007ffb75787000 	C:\WINDOWS\System32\cryptsp.dll
0x00007ffb6bd80000 - 0x00007ffb6bd9a000 	E:\AndroidStudio\jre\jre\bin\net.dll
0x00007ffb74f20000 - 0x00007ffb74f87000 	C:\WINDOWS\system32\mswsock.dll
0x00007ffb693c0000 - 0x00007ffb693d1000 	E:\AndroidStudio\jre\jre\bin\nio.dll
0x00007ffb66510000 - 0x00007ffb66536000 	C:\Users\Administrator\.gradle\native\29\windows-amd64\native-platform.dll
0x00007ffb6e450000 - 0x00007ffb6e45d000 	E:\AndroidStudio\jre\jre\bin\management.dll
0x00007ffb74a90000 - 0x00007ffb74ac3000 	C:\WINDOWS\system32\rsaenh.dll
0x00007ffb759e0000 - 0x00007ffb75a06000 	C:\WINDOWS\System32\bcrypt.dll
0x00007ffb755d0000 - 0x00007ffb755f5000 	C:\WINDOWS\SYSTEM32\USERENV.dll
0x00007ffb750f0000 - 0x00007ffb750fc000 	C:\WINDOWS\SYSTEM32\CRYPTBASE.dll
0x00007ffb74c30000 - 0x00007ffb74c6a000 	C:\WINDOWS\SYSTEM32\IPHLPAPI.DLL
0x00007ffb78000000 - 0x00007ffb78008000 	C:\WINDOWS\System32\NSI.dll
0x00007ffb69540000 - 0x00007ffb69556000 	C:\WINDOWS\SYSTEM32\dhcpcsvc6.DLL
0x00007ffb6a790000 - 0x00007ffb6a7ac000 	C:\WINDOWS\SYSTEM32\dhcpcsvc.DLL
0x00007ffb74c70000 - 0x00007ffb74d3a000 	C:\WINDOWS\SYSTEM32\DNSAPI.dll

VM Arguments:
jvm_args: -Xmx2536m -Dfile.encoding=GBK -Duser.country=CN -Duser.language=zh -Duser.variant 
java_command: org.gradle.launcher.daemon.bootstrap.GradleDaemon 5.4.1
java_class_path (initial): C:\Users\Administrator\.gradle\wrapper\dists\gradle-5.4.1-all\3221gyojl5jsh0helicew7rwx\gradle-5.4.1\lib\gradle-launcher-5.4.1.jar
Launcher Type: SUN_STANDARD

Environment Variables:
JAVA_HOME=C:\Program Files\Java\jdk1.8.0_121
CLASSPATH=.;C:\Program Files\Java\jdk1.8.0_121\lib\dt.jar;C:\Program Files\Java\jdk1.8.0_121\lib\tools.jar
PATH=C:\Program Files\Java\jdk1.8.0_121\bin;C:\Program Files\Java\jdk1.8.0_121\jre\bin;C:\ProgramData\Oracle\Java\javapath;C:\WINDOWS\system32;C:\WINDOWS;C:\WINDOWS\System32\Wbem;C:\WINDOWS\System32\WindowsPowerShell\v1.0\;C:\WINDOWS\System32\OpenSSH\;E:\AndroidStudioSDK\platform-tools;C:\Program Files\Common Files\Autodesk Shared\;C:\Program Files (x86)\Autodesk\Backburner\;E:\Python3.7.4\Scripts;E:\Python3.7.4;E:\AndroidStudioSDK\ndk-bundle;C:\src\flutter\bin;C:\Program Files\Microsoft SQL Server\130\Tools\Binn\;E:\KillApkTools\Git\bin;E:\Python3.7.4\Scripts\;E:\Python3.7.4\;C:\Users\Administrator\AppData\Local\Microsoft\WindowsApps;;E:\KillApkTools\Fiddler;C:\Users\Administrator\AppData\Local\Microsoft\WindowsApps;E:\Program Files\Microsoft VS Code\bin
USERNAME=Administrator
OS=Windows_NT
PROCESSOR_IDENTIFIER=Intel64 Family 6 Model 58 Stepping 9, GenuineIntel



---------------  S Y S T E M  ---------------

OS: Windows 10.0 , 64 bit Build 18362 (10.0.18362.329)

CPU:total 4 (initial active 4) (2 cores per cpu, 2 threads per core) family 6 model 58 stepping 9, cmov, cx8, fxsr, mmx, sse, sse2, sse3, ssse3, sse4.1, sse4.2, popcnt, avx, aes, clmul, erms, ht, tsc, tscinvbit, tscinv

Memory: 4k page, physical 8078228k(16248k free), swap 18484076k(4908k free)

vm_info: OpenJDK 64-Bit Server VM (25.202-b03) for windows-amd64 JRE (1.8.0_202-release-1483-b03), built by "builder" with MS VC++ 10.0 (VS2010)

time: Mon Apr 13 16:48:25 2020
timezone: 中国标准时间
elapsed time: 42 seconds (0d 0h 0m 42s)

